0 verbose cli /usr/local/nvm/versions/node/v18.12.1/bin/node /usr/local/nvm/versions/node/v18.12.1/bin/npm
1 info using npm@9.2.0
2 info using node@v18.12.1
3 timing npm:load:whichnode Completed in 1ms
4 timing config:load:defaults Completed in 3ms
5 timing config:load:file:/usr/local/nvm/versions/node/v18.12.1/lib/node_modules/npm/npmrc Completed in 1ms
6 timing config:load:builtin Completed in 2ms
7 timing config:load:cli Completed in 6ms
8 timing config:load:env Completed in 1ms
9 timing config:load:file:/home/shivangtiwari/events-app/external/.npmrc Completed in 1ms
10 timing config:load:project Completed in 2ms
11 timing config:load:file:/home/shivangtiwari/.npmrc Completed in 0ms
12 timing config:load:user Completed in 0ms
13 timing config:load:file:/usr/local/nvm/versions/node/v18.12.1/etc/npmrc Completed in 0ms
14 timing config:load:global Completed in 0ms
15 timing config:load:setEnvs Completed in 1ms
16 timing config:load Completed in 16ms
17 timing npm:load:configload Completed in 16ms
18 timing npm:load:mkdirpcache Completed in 1ms
19 timing npm:load:mkdirplogs Completed in 0ms
20 verbose title npm install
21 verbose argv "install"
22 timing npm:load:setTitle Completed in 2ms
23 timing config:load:flatten Completed in 7ms
24 timing npm:load:display Completed in 8ms
25 verbose logfile logs-max:10 dir:/home/shivangtiwari/.npm/_logs/2023-01-03T09_48_30_837Z-
26 verbose logfile /home/shivangtiwari/.npm/_logs/2023-01-03T09_48_30_837Z-debug-0.log
27 timing npm:load:logFile Completed in 12ms
28 timing npm:load:timers Completed in 0ms
29 timing npm:load:configScope Completed in 0ms
30 timing npm:load Completed in 40ms
31 silly logfile done cleaning log files
32 timing config:load:flatten Completed in 1ms
33 timing arborist:ctor Completed in 4ms
34 timing idealTree:init Completed in 804ms
35 timing idealTree:userRequests Completed in 0ms
36 silly idealTree buildDeps
37 timing idealTree:#root Completed in 1ms
38 timing idealTree:buildDeps Completed in 2ms
39 timing idealTree:fixDepFlags Completed in 1ms
40 timing idealTree Completed in 828ms
41 timing reify:loadTrees Completed in 851ms
42 timing reify:diffTrees Completed in 8ms
43 silly reify moves {}
44 timing reify:retireShallow Completed in 3ms
45 timing reify:createSparse Completed in 114ms
46 timing reify:loadBundles Completed in 0ms
47 silly audit bulk request {
47 silly audit   '@ampproject/remapping': [ '2.1.2' ],
47 silly audit   '@babel/code-frame': [ '7.16.7' ],
47 silly audit   '@babel/compat-data': [ '7.17.0' ],
47 silly audit   '@babel/core': [ '7.17.5' ],
47 silly audit   debug: [ '4.3.3', '2.6.9', '3.2.6', '4.1.1' ],
47 silly audit   ms: [ '2.1.2', '2.0.0', '2.1.3', '2.1.1' ],
47 silly audit   semver: [ '6.3.0', '5.7.1' ],
47 silly audit   '@babel/generator': [ '7.17.3' ],
47 silly audit   'source-map': [ '0.5.7', '0.6.1' ],
47 silly audit   '@babel/helper-compilation-targets': [ '7.16.7' ],
47 silly audit   '@babel/helper-environment-visitor': [ '7.16.7' ],
47 silly audit   '@babel/helper-function-name': [ '7.16.7' ],
47 silly audit   '@babel/helper-get-function-arity': [ '7.16.7' ],
47 silly audit   '@babel/helper-hoist-variables': [ '7.16.7' ],
47 silly audit   '@babel/helper-module-imports': [ '7.16.7' ],
47 silly audit   '@babel/helper-module-transforms': [ '7.17.6' ],
47 silly audit   '@babel/helper-simple-access': [ '7.16.7' ],
47 silly audit   '@babel/helper-split-export-declaration': [ '7.16.7' ],
47 silly audit   '@babel/helper-validator-identifier': [ '7.16.7' ],
47 silly audit   '@babel/helper-validator-option': [ '7.16.7' ],
47 silly audit   '@babel/helpers': [ '7.17.2' ],
47 silly audit   '@babel/highlight': [ '7.16.10' ],
47 silly audit   'ansi-styles': [ '3.2.1', '4.3.0' ],
47 silly audit   chalk: [ '2.4.2', '4.1.2' ],
47 silly audit   'color-convert': [ '1.9.3', '2.0.1' ],
47 silly audit   'color-name': [ '1.1.3', '1.1.4' ],
47 silly audit   'escape-string-regexp': [ '1.0.5', '4.0.0' ],
47 silly audit   'has-flag': [ '3.0.0', '4.0.0' ],
47 silly audit   'supports-color': [ '5.5.0', '7.2.0', '8.1.1' ],
47 silly audit   '@babel/parser': [ '7.17.3' ],
47 silly audit   '@babel/template': [ '7.16.7' ],
47 silly audit   '@babel/traverse': [ '7.17.3' ],
47 silly audit   '@babel/types': [ '7.17.0' ],
47 silly audit   '@istanbuljs/load-nyc-config': [ '1.1.0' ],
47 silly audit   argparse: [ '1.0.10', '2.0.1' ],
47 silly audit   'find-up': [ '4.1.0', '5.0.0' ],
47 silly audit   'js-yaml': [ '3.14.1', '4.1.0' ],
47 silly audit   'locate-path': [ '5.0.0', '6.0.0' ],
47 silly audit   'p-limit': [ '2.3.0', '3.1.0' ],
47 silly audit   'p-locate': [ '4.1.0', '5.0.0' ],
47 silly audit   '@istanbuljs/schema': [ '0.1.3' ],
47 silly audit   '@jridgewell/resolve-uri': [ '3.0.5' ],
47 silly audit   '@jridgewell/sourcemap-codec': [ '1.4.11' ],
47 silly audit   '@jridgewell/trace-mapping': [ '0.3.4' ],
47 silly audit   '@ungap/promise-all-settled': [ '1.1.2' ],
47 silly audit   accepts: [ '1.3.7' ],
47 silly audit   'aggregate-error': [ '3.1.0' ],
47 silly audit   ajv: [ '6.12.6' ],
47 silly audit   'ansi-colors': [ '4.1.1' ],
47 silly audit   'ansi-regex': [ '5.0.1' ],
47 silly audit   anymatch: [ '3.1.2' ],
47 silly audit   'append-transform': [ '2.0.0' ],
47 silly audit   archy: [ '1.0.0' ],
47 silly audit   'array-flatten': [ '1.1.1' ],
47 silly audit   asn1: [ '0.2.4' ],
47 silly audit   'assert-plus': [ '1.0.0' ],
47 silly audit   'assertion-error': [ '1.1.0' ],
47 silly audit   asynckit: [ '0.4.0' ],
47 silly audit   'aws-sign2': [ '0.7.0' ],
47 silly audit   aws4: [ '1.9.1' ],
47 silly audit   'balanced-match': [ '1.0.0' ],
47 silly audit   'bcrypt-pbkdf': [ '1.0.2' ],
47 silly audit   'binary-extensions': [ '2.2.0' ],
47 silly audit   'body-parser': [ '1.19.0' ],
47 silly audit   qs: [ '6.7.0', '6.8.0', '6.5.2' ],
47 silly audit   'brace-expansion': [ '1.1.11' ],
47 silly audit   braces: [ '3.0.2' ],
47 silly audit   'browser-stdout': [ '1.3.1' ],
47 silly audit   browserslist: [ '4.19.3' ],
47 silly audit   bytes: [ '3.1.0' ],
47 silly audit   'caching-transform': [ '4.0.0' ],
47 silly audit   camelcase: [ '5.3.1', '6.3.0' ],
47 silly audit   'caniuse-lite': [ '1.0.30001312' ],
47 silly audit   caseless: [ '0.12.0' ],
47 silly audit   chai: [ '4.2.0' ],
47 silly audit   'check-error': [ '1.0.2' ],
47 silly audit   chokidar: [ '3.5.3' ],
47 silly audit   'clean-stack': [ '2.2.0' ],
47 silly audit   cliui: [ '7.0.4', '6.0.0' ],
47 silly audit   'combined-stream': [ '1.0.8' ],
47 silly audit   commander: [ '2.20.3' ],
47 silly audit   commondir: [ '1.0.1' ],
47 silly audit   'component-emitter': [ '1.3.0' ],
47 silly audit   'concat-map': [ '0.0.1' ],
47 silly audit   'content-disposition': [ '0.5.3' ],
47 silly audit   'content-type': [ '1.0.4' ],
47 silly audit   'convert-source-map': [ '1.8.0' ],
47 silly audit   cookie: [ '0.4.0' ],
47 silly audit   'cookie-signature': [ '1.0.6' ],
47 silly audit   cookiejar: [ '2.1.2' ],
47 silly audit   'core-util-is': [ '1.0.2' ],
47 silly audit   'cross-spawn': [ '7.0.3' ],
47 silly audit   dashdash: [ '1.14.1' ],
47 silly audit   decamelize: [ '1.2.0', '4.0.0' ],
47 silly audit   'deep-eql': [ '3.0.1' ],
47 silly audit   'deep-equal': [ '1.1.0' ],
47 silly audit   'default-require-extensions': [ '3.0.0' ],
47 silly audit   'define-properties': [ '1.1.3' ],
47 silly audit   'delayed-stream': [ '1.0.0' ],
47 silly audit   depd: [ '1.1.2' ],
47 silly audit   destroy: [ '1.0.4' ],
47 silly audit   diff: [ '5.0.0' ],
47 silly audit   'ecc-jsbn': [ '0.1.2' ],
47 silly audit   'ee-first': [ '1.1.1' ],
47 silly audit   'electron-to-chromium': [ '1.4.75' ],
47 silly audit   'emoji-regex': [ '8.0.0' ],
47 silly audit   encodeurl: [ '1.0.2' ],
47 silly audit   'es6-error': [ '4.1.1' ],
47 silly audit   escalade: [ '3.1.1' ],
47 silly audit   'escape-html': [ '1.0.3' ],
47 silly audit   esprima: [ '4.0.1' ],
47 silly audit   etag: [ '1.8.1' ],
47 silly audit   express: [ '4.17.1' ],
47 silly audit   'express-handlebars': [ '6.0.2' ],
47 silly audit   extend: [ '3.0.2' ],
47 silly audit   extsprintf: [ '1.3.0' ],
47 silly audit   'fast-deep-equal': [ '3.1.1' ],
47 silly audit   'fast-json-stable-stringify': [ '2.1.0' ],
47 silly audit   'fill-range': [ '7.0.1' ],
47 silly audit   finalhandler: [ '1.1.2' ],
47 silly audit   'find-cache-dir': [ '3.3.2' ],
47 silly audit   flat: [ '5.0.2' ],
47 silly audit   'foreground-child': [ '2.0.0' ],
47 silly audit   'forever-agent': [ '0.6.1' ],
47 silly audit   'form-data': [ '2.5.0', '2.3.3' ],
47 silly audit   formidable: [ '1.2.1' ],
47 silly audit   forwarded: [ '0.1.2' ],
47 silly audit   fresh: [ '0.5.2' ],
47 silly audit   fromentries: [ '1.3.2' ],
47 silly audit   'fs.realpath': [ '1.0.0' ],
47 silly audit   fsevents: [ '2.3.2' ],
47 silly audit   'function-bind': [ '1.1.1' ],
47 silly audit   gensync: [ '1.0.0-beta.2' ],
47 silly audit   'get-caller-file': [ '2.0.5' ],
47 silly audit   'get-func-name': [ '2.0.0' ],
47 silly audit   'get-package-type': [ '0.1.0' ],
47 silly audit   getpass: [ '0.1.7' ],
47 silly audit   glob: [ '7.2.0' ],
47 silly audit   'glob-parent': [ '5.1.2' ],
47 silly audit   globals: [ '11.12.0' ],
47 silly audit   'graceful-fs': [ '4.2.9' ],
47 silly audit   growl: [ '1.10.5' ],
47 silly audit   handlebars: [ '4.7.7' ],
47 silly audit   'har-schema': [ '2.0.0' ],
47 silly audit   'har-validator': [ '5.1.3' ],
47 silly audit   has: [ '1.0.3' ],
47 silly audit   hasha: [ '5.2.2' ],
47 silly audit   he: [ '1.2.0' ],
47 silly audit   'html-escaper': [ '2.0.2' ],
47 silly audit   'http-errors': [ '1.7.2' ],
47 silly audit   inherits: [ '2.0.3', '2.0.4' ],
47 silly audit   'http-signature': [ '1.2.0' ],
47 silly audit   'iconv-lite': [ '0.4.24' ],
47 silly audit   imurmurhash: [ '0.1.4' ],
47 silly audit   'indent-string': [ '4.0.0' ],
47 silly audit   inflight: [ '1.0.6' ],
47 silly audit   'ipaddr.js': [ '1.9.0' ],
47 silly audit   'is-arguments': [ '1.0.4' ],
47 silly audit   'is-binary-path': [ '2.1.0' ],
47 silly audit   'is-date-object': [ '1.0.1' ],
47 silly audit   'is-extglob': [ '2.1.1' ],
47 silly audit   'is-fullwidth-code-point': [ '3.0.0' ],
47 silly audit   'is-glob': [ '4.0.3' ],
47 silly audit   'is-number': [ '7.0.0' ],
47 silly audit   'is-plain-obj': [ '2.1.0' ],
47 silly audit   'is-regex': [ '1.0.4' ],
47 silly audit   'is-stream': [ '2.0.1' ],
47 silly audit   'is-typedarray': [ '1.0.0' ],
47 silly audit   'is-unicode-supported': [ '0.1.0' ],
47 silly audit   'is-windows': [ '1.0.2' ],
47 silly audit   isarray: [ '1.0.0' ],
47 silly audit   isexe: [ '2.0.0' ],
47 silly audit   isstream: [ '0.1.2' ],
47 silly audit   'istanbul-lib-coverage': [ '3.2.0' ],
47 silly audit   'istanbul-lib-hook': [ '3.0.0' ],
47 silly audit   'istanbul-lib-instrument': [ '4.0.3' ],
47 silly audit   'istanbul-lib-processinfo': [ '2.0.2' ],
47 silly audit   'istanbul-lib-report': [ '3.0.0' ],
47 silly audit   'istanbul-lib-source-maps': [ '4.0.1' ],
47 silly audit   'istanbul-reports': [ '3.1.4' ],
47 silly audit   'js-tokens': [ '4.0.0' ],
47 silly audit   jsbn: [ '0.1.1' ],
47 silly audit   jsesc: [ '2.5.2' ],
47 silly audit   'json-schema': [ '0.4.0' ],
47 silly audit   'json-schema-traverse': [ '0.4.1' ],
47 silly audit   'json-stringify-safe': [ '5.0.1' ],
47 silly audit   json5: [ '2.2.0' ],
47 silly audit   jsprim: [ '1.4.2' ],
47 silly audit   lodash: [ '4.17.21' ],
47 silly audit   'lodash.flattendeep': [ '4.4.0' ],
47 silly audit   'log-symbols': [ '4.1.0' ],
47 silly audit   'make-dir': [ '3.1.0' ],
47 silly audit   'media-typer': [ '0.3.0' ],
47 silly audit   'merge-descriptors': [ '1.0.1' ],
47 silly audit   methods: [ '1.1.2' ],
47 silly audit   mime: [ '1.6.0' ],
47 silly audit   'mime-db': [ '1.40.0' ],
47 silly audit   'mime-types': [ '2.1.24' ],
47 silly audit   minimatch: [ '3.0.4' ],
47 silly audit   minimist: [ '1.2.6' ],
47 silly audit   mkdirp: [ '0.5.5' ],
47 silly audit   mocha: [ '9.2.1' ],
47 silly audit   nanoid: [ '3.2.0' ],
47 silly audit   negotiator: [ '0.6.2' ],
47 silly audit   'neo-async': [ '2.6.1' ],
47 silly audit   nock: [ '10.0.6' ],
47 silly audit   'node-preload': [ '0.2.1' ],
47 silly audit   'node-releases': [ '2.0.2' ],
47 silly audit   'normalize-path': [ '3.0.0' ],
47 silly audit   nyc: [ '15.1.0' ],
47 silly audit   'wrap-ansi': [ '6.2.0', '7.0.0' ],
47 silly audit   y18n: [ '4.0.3', '5.0.8' ],
47 silly audit   yargs: [ '15.4.1', '16.2.0' ],
47 silly audit   'yargs-parser': [ '18.1.3', '20.2.4' ],
47 silly audit   'oauth-sign': [ '0.9.0' ],
47 silly audit   'object-is': [ '1.0.1' ],
47 silly audit   'object-keys': [ '1.1.1' ],
47 silly audit   'on-finished': [ '2.3.0' ],
47 silly audit   once: [ '1.4.0' ],
47 silly audit   'p-map': [ '3.0.0' ],
47 silly audit   'p-try': [ '2.2.0' ],
47 silly audit   'package-hash': [ '4.0.0' ],
47 silly audit   parseurl: [ '1.3.3' ],
47 silly audit   'path-exists': [ '4.0.0' ],
47 silly audit   'path-is-absolute': [ '1.0.1' ],
47 silly audit   'path-key': [ '3.1.1' ],
47 silly audit   'path-to-regexp': [ '0.1.7' ],
47 silly audit   pathval: [ '1.1.1' ],
47 silly audit   'performance-now': [ '2.1.0' ],
47 silly audit   picocolors: [ '1.0.0' ],
47 silly audit   picomatch: [ '2.3.1' ],
47 silly audit   'pkg-dir': [ '4.2.0' ],
47 silly audit   'process-nextick-args': [ '2.0.1' ],
47 silly audit   'process-on-spawn': [ '1.0.0' ],
47 silly audit   propagate: [ '1.0.0' ],
47 silly audit   'proxy-addr': [ '2.0.5' ],
47 silly audit   psl: [ '1.8.0' ],
47 silly audit   punycode: [ '2.1.1' ],
47 silly audit   randombytes: [ '2.1.0' ],
47 silly audit   'range-parser': [ '1.2.1' ],
47 silly audit   'raw-body': [ '2.4.0' ],
47 silly audit   'readable-stream': [ '2.3.6' ],
47 silly audit   readdirp: [ '3.6.0' ],
47 silly audit   'regexp.prototype.flags': [ '1.2.0' ],
47 silly audit   'release-zalgo': [ '1.0.0' ],
47 silly audit   request: [ '2.88.2' ],
47 silly audit   'require-directory': [ '2.1.1' ],
47 silly audit   'require-main-filename': [ '2.0.0' ],
47 silly audit   'resolve-from': [ '5.0.0' ],
47 silly audit   rimraf: [ '3.0.2' ],
47 silly audit   'safe-buffer': [ '5.1.2' ],
47 silly audit   'safer-buffer': [ '2.1.2' ],
47 silly audit   send: [ '0.17.1' ],
47 silly audit   'serialize-javascript': [ '6.0.0' ],
47 silly audit   'serve-static': [ '1.14.1' ],
47 silly audit   'set-blocking': [ '2.0.0' ],
47 silly audit   setprototypeof: [ '1.1.1' ],
47 silly audit   'shebang-command': [ '2.0.0' ],
47 silly audit   'shebang-regex': [ '3.0.0' ],
47 silly audit   'signal-exit': [ '3.0.7' ],
47 silly audit   'spawn-wrap': [ '2.0.0' ],
47 silly audit   'sprintf-js': [ '1.0.3' ],
47 silly audit   sshpk: [ '1.16.1' ],
47 silly audit   statuses: [ '1.5.0' ],
47 silly audit   string_decoder: [ '1.1.1' ],
47 silly audit   'string-width': [ '4.2.3' ],
47 silly audit   'strip-ansi': [ '6.0.1' ],
47 silly audit   'strip-bom': [ '4.0.0' ],
47 silly audit   'strip-json-comments': [ '3.1.1' ],
47 silly audit   superagent: [ '3.8.3' ],
47 silly audit   supertest: [ '4.0.2' ],
47 silly audit   'test-exclude': [ '6.0.0' ],
47 silly audit   'to-fast-properties': [ '2.0.0' ],
47 silly audit   'to-regex-range': [ '5.0.1' ],
47 silly audit   toidentifier: [ '1.0.0' ],
47 silly audit   'tough-cookie': [ '2.5.0' ],
47 silly audit   'tunnel-agent': [ '0.6.0' ],
47 silly audit   tweetnacl: [ '0.14.5' ],
47 silly audit   'type-detect': [ '4.0.8' ],
47 silly audit   'type-fest': [ '0.8.1' ],
47 silly audit   'type-is': [ '1.6.18' ],
47 silly audit   'typedarray-to-buffer': [ '3.1.5' ],
47 silly audit   'uglify-js': [ '3.9.2' ],
47 silly audit   unpipe: [ '1.0.0' ],
47 silly audit   'uri-js': [ '4.2.2' ],
47 silly audit   'util-deprecate': [ '1.0.2' ],
47 silly audit   'utils-merge': [ '1.0.1' ],
47 silly audit   uuid: [ '3.3.3' ],
47 silly audit   vary: [ '1.1.2' ],
47 silly audit   verror: [ '1.10.0' ],
47 silly audit   which: [ '2.0.2' ],
47 silly audit   'which-module': [ '2.0.0' ],
47 silly audit   wordwrap: [ '1.0.0' ],
47 silly audit   workerpool: [ '6.2.0' ],
47 silly audit   wrappy: [ '1.0.2' ],
47 silly audit   'write-file-atomic': [ '3.0.3' ],
47 silly audit   'yargs-unparser': [ '2.0.0' ],
47 silly audit   'yocto-queue': [ '0.1.0' ]
47 silly audit }
48 verbose reify failed optional dependency /home/shivangtiwari/events-app/external/node_modules/fsevents
49 silly reify mark deleted [ '/home/shivangtiwari/events-app/external/node_modules/fsevents' ]
50 timing reifyNode:node_modules/fsevents Completed in 398ms
51 silly tarball no local data for wordwrap@https://registry.npmjs.org/wordwrap/-/wordwrap-1.0.0.tgz. Extracting by manifest.
52 silly tarball no local data for verror@https://registry.npmjs.org/verror/-/verror-1.10.0.tgz. Extracting by manifest.
53 silly tarball no local data for uuid@https://registry.npmjs.org/uuid/-/uuid-3.3.3.tgz. Extracting by manifest.
54 silly tarball no local data for uri-js@https://registry.npmjs.org/uri-js/-/uri-js-4.2.2.tgz. Extracting by manifest.
55 silly tarball no local data for uglify-js@https://registry.npmjs.org/uglify-js/-/uglify-js-3.9.2.tgz. Extracting by manifest.
56 silly tarball no local data for tweetnacl@https://registry.npmjs.org/tweetnacl/-/tweetnacl-0.14.5.tgz. Extracting by manifest.
57 silly tarball no local data for tunnel-agent@https://registry.npmjs.org/tunnel-agent/-/tunnel-agent-0.6.0.tgz. Extracting by manifest.
58 silly tarball no local data for tough-cookie@https://registry.npmjs.org/tough-cookie/-/tough-cookie-2.5.0.tgz. Extracting by manifest.
59 silly tarball no local data for sshpk@https://registry.npmjs.org/sshpk/-/sshpk-1.16.1.tgz. Extracting by manifest.
60 silly tarball no local data for semver@https://registry.npmjs.org/semver/-/semver-5.7.1.tgz. Extracting by manifest.
61 silly tarball no local data for request@https://registry.npmjs.org/request/-/request-2.88.2.tgz. Extracting by manifest.
62 silly tarball no local data for regexp.prototype.flags@https://registry.npmjs.org/regexp.prototype.flags/-/regexp.prototype.flags-1.2.0.tgz. Extracting by manifest.
63 silly tarball no local data for readable-stream@https://registry.npmjs.org/readable-stream/-/readable-stream-2.3.6.tgz. Extracting by manifest.
64 silly tarball no local data for punycode@https://registry.npmjs.org/punycode/-/punycode-2.1.1.tgz. Extracting by manifest.
65 silly tarball no local data for psl@https://registry.npmjs.org/psl/-/psl-1.8.0.tgz. Extracting by manifest.
66 silly tarball no local data for qs@https://registry.npmjs.org/qs/-/qs-6.8.0.tgz. Extracting by manifest.
67 silly tarball no local data for propagate@https://registry.npmjs.org/propagate/-/propagate-1.0.0.tgz. Extracting by manifest.
68 silly tarball no local data for performance-now@https://registry.npmjs.org/performance-now/-/performance-now-2.1.0.tgz. Extracting by manifest.
69 silly tarball no local data for object-keys@https://registry.npmjs.org/object-keys/-/object-keys-1.1.1.tgz. Extracting by manifest.
70 silly tarball no local data for object-is@https://registry.npmjs.org/object-is/-/object-is-1.0.1.tgz. Extracting by manifest.
71 silly tarball no local data for oauth-sign@https://registry.npmjs.org/oauth-sign/-/oauth-sign-0.9.0.tgz. Extracting by manifest.
72 silly tarball no local data for nock@https://registry.npmjs.org/nock/-/nock-10.0.6.tgz. Extracting by manifest.
73 silly tarball no local data for neo-async@https://registry.npmjs.org/neo-async/-/neo-async-2.6.1.tgz. Extracting by manifest.
74 silly tarball no local data for mkdirp@https://registry.npmjs.org/mkdirp/-/mkdirp-0.5.5.tgz. Extracting by manifest.
75 silly tarball no local data for lodash@https://registry.npmjs.org/lodash/-/lodash-4.17.21.tgz. Extracting by manifest.
76 silly tarball no local data for jsprim@https://registry.npmjs.org/jsprim/-/jsprim-1.4.2.tgz. Extracting by manifest.
77 silly tarball no local data for json-stringify-safe@https://registry.npmjs.org/json-stringify-safe/-/json-stringify-safe-5.0.1.tgz. Extracting by manifest.
78 silly tarball no local data for json-schema-traverse@https://registry.npmjs.org/json-schema-traverse/-/json-schema-traverse-0.4.1.tgz. Extracting by manifest.
79 silly tarball no local data for json-schema@https://registry.npmjs.org/json-schema/-/json-schema-0.4.0.tgz. Extracting by manifest.
80 silly tarball no local data for jsbn@https://registry.npmjs.org/jsbn/-/jsbn-0.1.1.tgz. Extracting by manifest.
81 silly tarball no local data for isstream@https://registry.npmjs.org/isstream/-/isstream-0.1.2.tgz. Extracting by manifest.
82 silly tarball no local data for is-regex@https://registry.npmjs.org/is-regex/-/is-regex-1.0.4.tgz. Extracting by manifest.
83 silly tarball no local data for is-date-object@https://registry.npmjs.org/is-date-object/-/is-date-object-1.0.1.tgz. Extracting by manifest.
84 silly tarball no local data for is-arguments@https://registry.npmjs.org/is-arguments/-/is-arguments-1.0.4.tgz. Extracting by manifest.
85 silly tarball no local data for inherits@https://registry.npmjs.org/inherits/-/inherits-2.0.4.tgz. Extracting by manifest.
86 silly tarball no local data for http-signature@https://registry.npmjs.org/http-signature/-/http-signature-1.2.0.tgz. Extracting by manifest.
87 silly tarball no local data for has@https://registry.npmjs.org/has/-/has-1.0.3.tgz. Extracting by manifest.
88 silly tarball no local data for har-validator@https://registry.npmjs.org/har-validator/-/har-validator-5.1.3.tgz. Extracting by manifest.
89 silly tarball no local data for har-schema@https://registry.npmjs.org/har-schema/-/har-schema-2.0.0.tgz. Extracting by manifest.
90 silly tarball no local data for handlebars@https://registry.npmjs.org/handlebars/-/handlebars-4.7.7.tgz. Extracting by manifest.
91 silly tarball no local data for getpass@https://registry.npmjs.org/getpass/-/getpass-0.1.7.tgz. Extracting by manifest.
92 silly tarball no local data for function-bind@https://registry.npmjs.org/function-bind/-/function-bind-1.1.1.tgz. Extracting by manifest.
93 silly tarball no local data for forever-agent@https://registry.npmjs.org/forever-agent/-/forever-agent-0.6.1.tgz. Extracting by manifest.
94 silly tarball no local data for fast-json-stable-stringify@https://registry.npmjs.org/fast-json-stable-stringify/-/fast-json-stable-stringify-2.1.0.tgz. Extracting by manifest.
95 silly tarball no local data for fast-deep-equal@https://registry.npmjs.org/fast-deep-equal/-/fast-deep-equal-3.1.1.tgz. Extracting by manifest.
96 silly tarball no local data for extsprintf@https://registry.npmjs.org/extsprintf/-/extsprintf-1.3.0.tgz. Extracting by manifest.
97 silly tarball no local data for express-handlebars@https://registry.npmjs.org/express-handlebars/-/express-handlebars-6.0.2.tgz. Extracting by manifest.
98 silly tarball no local data for ecc-jsbn@https://registry.npmjs.org/ecc-jsbn/-/ecc-jsbn-0.1.2.tgz. Extracting by manifest.
99 silly tarball no local data for define-properties@https://registry.npmjs.org/define-properties/-/define-properties-1.1.3.tgz. Extracting by manifest.
100 silly tarball no local data for deep-equal@https://registry.npmjs.org/deep-equal/-/deep-equal-1.1.0.tgz. Extracting by manifest.
101 silly tarball no local data for dashdash@https://registry.npmjs.org/dashdash/-/dashdash-1.14.1.tgz. Extracting by manifest.
102 silly tarball no local data for commander@https://registry.npmjs.org/commander/-/commander-2.20.3.tgz. Extracting by manifest.
103 silly tarball no local data for caseless@https://registry.npmjs.org/caseless/-/caseless-0.12.0.tgz. Extracting by manifest.
104 silly tarball no local data for bcrypt-pbkdf@https://registry.npmjs.org/bcrypt-pbkdf/-/bcrypt-pbkdf-1.0.2.tgz. Extracting by manifest.
105 silly tarball no local data for aws4@https://registry.npmjs.org/aws4/-/aws4-1.9.1.tgz. Extracting by manifest.
106 silly tarball no local data for aws-sign2@https://registry.npmjs.org/aws-sign2/-/aws-sign2-0.7.0.tgz. Extracting by manifest.
107 silly tarball no local data for assert-plus@https://registry.npmjs.org/assert-plus/-/assert-plus-1.0.0.tgz. Extracting by manifest.
108 silly tarball no local data for asn1@https://registry.npmjs.org/asn1/-/asn1-0.2.4.tgz. Extracting by manifest.
109 silly tarball no local data for ajv@https://registry.npmjs.org/ajv/-/ajv-6.12.6.tgz. Extracting by manifest.
110 silly tarball no local data for qs@https://registry.npmjs.org/qs/-/qs-6.5.2.tgz. Extracting by manifest.
111 silly tarball no local data for form-data@https://registry.npmjs.org/form-data/-/form-data-2.3.3.tgz. Extracting by manifest.
112 silly tarball no local data for debug@https://registry.npmjs.org/debug/-/debug-4.1.1.tgz. Extracting by manifest.
113 http fetch POST 200 https://registry.npmjs.org/-/npm/v1/security/advisories/bulk 2319ms
114 timing auditReport:getReport Completed in 2337ms
115 silly audit report {
115 silly audit report   qs: [
115 silly audit report     {
115 silly audit report       id: 1085135,
115 silly audit report       url: 'https://github.com/advisories/GHSA-hrpp-h998-j3pp',
115 silly audit report       title: 'qs vulnerable to Prototype Pollution',
115 silly audit report       severity: 'high',
115 silly audit report       vulnerable_versions: '>=6.5.0 <6.5.3',
115 silly audit report       cwe: [Array],
115 silly audit report       cvss: [Object]
115 silly audit report     },
115 silly audit report     {
115 silly audit report       id: 1085137,
115 silly audit report       url: 'https://github.com/advisories/GHSA-hrpp-h998-j3pp',
115 silly audit report       title: 'qs vulnerable to Prototype Pollution',
115 silly audit report       severity: 'high',
115 silly audit report       vulnerable_versions: '>=6.7.0 <6.7.3',
115 silly audit report       cwe: [Array],
115 silly audit report       cvss: [Object]
115 silly audit report     },
115 silly audit report     {
115 silly audit report       id: 1085138,
115 silly audit report       url: 'https://github.com/advisories/GHSA-hrpp-h998-j3pp',
115 silly audit report       title: 'qs vulnerable to Prototype Pollution',
115 silly audit report       severity: 'high',
115 silly audit report       vulnerable_versions: '>=6.8.0 <6.8.3',
115 silly audit report       cwe: [Array],
115 silly audit report       cvss: [Object]
115 silly audit report     }
115 silly audit report   ],
115 silly audit report   express: [
115 silly audit report     {
115 silly audit report       id: 1085141,
115 silly audit report       url: 'https://github.com/advisories/GHSA-hrpp-h998-j3pp',
115 silly audit report       title: 'qs vulnerable to Prototype Pollution',
115 silly audit report       severity: 'high',
115 silly audit report       vulnerable_versions: '<4.17.3',
115 silly audit report       cwe: [Array],
115 silly audit report       cvss: [Object]
115 silly audit report     }
115 silly audit report   ],
115 silly audit report   json5: [
115 silly audit report     {
115 silly audit report       id: 1085271,
115 silly audit report       url: 'https://github.com/advisories/GHSA-9c47-m6qq-7p4h',
115 silly audit report       title: 'Prototype Pollution in JSON5 via Parse Method',
115 silly audit report       severity: 'high',
115 silly audit report       vulnerable_versions: '<2.2.2',
115 silly audit report       cwe: [Array],
115 silly audit report       cvss: [Object]
115 silly audit report     }
115 silly audit report   ],
115 silly audit report   minimatch: [
115 silly audit report     {
115 silly audit report       id: 1084765,
115 silly audit report       url: 'https://github.com/advisories/GHSA-f8q6-p94x-37v3',
115 silly audit report       title: 'minimatch ReDoS vulnerability',
115 silly audit report       severity: 'high',
115 silly audit report       vulnerable_versions: '<3.0.5',
115 silly audit report       cwe: [Array],
115 silly audit report       cvss: [Object]
115 silly audit report     }
115 silly audit report   ]
115 silly audit report }
116 timing metavuln:cache:get:security-advisory:qs:rWY8FV+j/NIeDGpuc35mOpnEAnjLz2h9Ou9SzojE+VEnkIJT1HjUSIlZruVRRoB4ovTTv5P7E8dPAg4Au60VPg== Completed in 146ms
117 timing metavuln:cache:get:security-advisory:qs:jcquT14EuTFKktnS+LT76nFxPX97+PWMSjz70aQokiFXC0yMpFBnbNNUiufz0qbh5LSjNAsxU7R+dANxaEYk7Q== Completed in 135ms
118 timing reifyNode:node_modules/wrappy Completed in 2999ms
119 timing reifyNode:node_modules/wrap-ansi Completed in 2998ms
120 timing reifyNode:node_modules/toidentifier Completed in 2998ms
121 timing reifyNode:node_modules/to-fast-properties Completed in 2997ms
122 timing reifyNode:node_modules/shebang-command Completed in 2997ms
123 timing reifyNode:node_modules/process-nextick-args Completed in 3139ms
124 timing reifyNode:node_modules/path-is-absolute Completed in 3137ms
125 timing reifyNode:node_modules/package-hash Completed in 3138ms
126 timing reifyNode:node_modules/once Completed in 3131ms
127 timing reifyNode:node_modules/normalize-path Completed in 3131ms
128 timing reifyNode:node_modules/ms Completed in 3132ms
129 timing reifyNode:node_modules/lodash.flattendeep Completed in 3126ms
130 timing reifyNode:node_modules/is-windows Completed in 3125ms
131 timing reifyNode:node_modules/is-number Completed in 3125ms
132 timing reifyNode:node_modules/is-extglob Completed in 3125ms
133 timing reifyNode:node_modules/inflight Completed in 3125ms
134 timing reifyNode:node_modules/imurmurhash Completed in 3125ms
135 timing reifyNode:node_modules/find-cache-dir Completed in 3122ms
136 timing reifyNode:node_modules/escape-html Completed in 3121ms
137 timing reifyNode:node_modules/ee-first Completed in 3124ms
138 timing reifyNode:node_modules/destroy Completed in 3124ms
139 timing reifyNode:node_modules/decamelize Completed in 3124ms
140 timing reifyNode:node_modules/convert-source-map Completed in 3124ms
141 timing reifyNode:node_modules/color-name Completed in 3124ms
142 timing reifyNode:node_modules/caching-transform Completed in 3124ms
143 timing reifyNode:node_modules/browser-stdout Completed in 3124ms
144 timing reifyNode:node_modules/brace-expansion Completed in 3124ms
145 timing reifyNode:node_modules/array-flatten Completed in 3117ms
146 timing reifyNode:node_modules/send/node_modules/debug/node_modules/ms Completed in 3177ms
147 timing reifyNode:node_modules/nyc/node_modules/wrap-ansi Completed in 3162ms
148 timing reifyNode:node_modules/mocha/node_modules/ms Completed in 3160ms
149 timing reifyNode:node_modules/mocha/node_modules/debug/node_modules/ms Completed in 3160ms
150 timing reifyNode:node_modules/istanbul-lib-source-maps/node_modules/ms Completed in 3150ms
151 timing reifyNode:node_modules/finalhandler/node_modules/ms Completed in 3141ms
152 timing reifyNode:node_modules/express/node_modules/ms Completed in 3141ms
153 timing reifyNode:node_modules/body-parser/node_modules/ms Completed in 3135ms
154 timing reifyNode:node_modules/@babel/traverse/node_modules/ms Completed in 3126ms
155 timing reifyNode:node_modules/@babel/highlight/node_modules/has-flag Completed in 3126ms
156 timing reifyNode:node_modules/@babel/highlight/node_modules/escape-string-regexp Completed in 3126ms
157 timing reifyNode:node_modules/@babel/highlight/node_modules/ansi-styles Completed in 3126ms
158 timing reifyNode:node_modules/@babel/core/node_modules/ms Completed in 3123ms
159 timing reifyNode:node_modules/yocto-queue Completed in 3198ms
160 timing reifyNode:node_modules/which-module Completed in 3195ms
161 timing reifyNode:node_modules/utils-merge Completed in 3194ms
162 timing reifyNode:node_modules/unpipe Completed in 3193ms
163 timing reifyNode:node_modules/vary Completed in 3195ms
164 timing reifyNode:node_modules/type-is Completed in 3194ms
165 timing reifyNode:node_modules/to-regex-range Completed in 3196ms
166 timing reifyNode:node_modules/supports-color Completed in 3196ms
167 timing reifyNode:node_modules/strip-json-comments Completed in 3197ms
168 timing reifyNode:node_modules/strip-bom Completed in 3196ms
169 timing reifyNode:node_modules/strip-ansi Completed in 3198ms
170 timing reifyNode:node_modules/string-width Completed in 3198ms
171 timing reifyNode:node_modules/signal-exit Completed in 3198ms
172 timing reifyNode:node_modules/shebang-regex Completed in 3198ms
173 timing reifyNode:node_modules/set-blocking Completed in 3199ms
174 timing reifyNode:node_modules/serialize-javascript Completed in 3198ms
175 timing reifyNode:node_modules/require-main-filename Completed in 3329ms
176 timing reifyNode:node_modules/resolve-from Completed in 3329ms
177 timing reifyNode:node_modules/range-parser Completed in 3329ms
178 timing reifyNode:node_modules/process-on-spawn Completed in 3329ms
179 timing reifyNode:node_modules/pkg-dir Completed in 3329ms
180 timing reifyNode:node_modules/path-to-regexp Completed in 3328ms
181 timing reifyNode:node_modules/path-key Completed in 3328ms
182 timing reifyNode:node_modules/path-exists Completed in 3327ms
183 timing reifyNode:node_modules/parseurl Completed in 3328ms
184 timing reifyNode:node_modules/p-try Completed in 3327ms
185 timing reifyNode:node_modules/p-map Completed in 3328ms
186 timing reifyNode:node_modules/p-locate Completed in 3328ms
187 timing reifyNode:node_modules/p-limit Completed in 3323ms
188 timing reifyNode:node_modules/on-finished Completed in 3336ms
189 timing reifyNode:node_modules/mime-types Completed in 3333ms
190 timing reifyNode:node_modules/methods Completed in 3334ms
191 timing reifyNode:node_modules/merge-descriptors Completed in 3334ms
192 timing reifyNode:node_modules/media-typer Completed in 3335ms
193 timing reifyNode:node_modules/make-dir Completed in 3327ms
194 timing reifyNode:node_modules/locate-path Completed in 3326ms
195 timing reifyNode:node_modules/is-unicode-supported Completed in 3326ms
196 timing reifyNode:node_modules/is-typedarray Completed in 3327ms
197 timing reifyNode:node_modules/is-stream Completed in 3327ms
198 timing reifyNode:node_modules/is-plain-obj Completed in 3326ms
199 timing reifyNode:node_modules/is-glob Completed in 3326ms
200 timing reifyNode:node_modules/is-fullwidth-code-point Completed in 3327ms
201 timing reifyNode:node_modules/is-binary-path Completed in 3329ms
202 timing reifyNode:node_modules/indent-string Completed in 3330ms
203 timing reifyNode:node_modules/has-flag Completed in 3330ms
204 timing reifyNode:node_modules/glob-parent Completed in 3331ms
205 timing reifyNode:node_modules/get-func-name Completed in 3333ms
206 timing reifyNode:node_modules/fromentries Completed in 3332ms
207 timing reifyNode:node_modules/fresh Completed in 3333ms
208 timing reifyNode:node_modules/forwarded Completed in 3333ms
209 timing reifyNode:node_modules/find-up Completed in 3333ms
210 timing reifyNode:node_modules/finalhandler Completed in 3333ms
211 timing reifyNode:node_modules/fill-range Completed in 3332ms
212 timing reifyNode:node_modules/etag Completed in 3335ms
213 timing reifyNode:node_modules/escape-string-regexp Completed in 3335ms
214 timing reifyNode:node_modules/encodeurl Completed in 3337ms
215 timing reifyNode:node_modules/default-require-extensions Completed in 3337ms
216 timing reifyNode:node_modules/cookiejar Completed in 3337ms
217 timing reifyNode:node_modules/cookie-signature Completed in 3337ms
218 timing reifyNode:node_modules/content-type Completed in 3337ms
219 timing reifyNode:node_modules/component-emitter Completed in 3337ms
220 timing reifyNode:node_modules/clean-stack Completed in 3337ms
221 timing reifyNode:node_modules/camelcase Completed in 3340ms
222 timing reifyNode:node_modules/bytes Completed in 3340ms
223 timing reifyNode:node_modules/balanced-match Completed in 3333ms
224 timing reifyNode:node_modules/assertion-error Completed in 3333ms
225 timing reifyNode:node_modules/anymatch Completed in 3334ms
226 timing reifyNode:node_modules/append-transform Completed in 3334ms
227 timing reifyNode:node_modules/ansi-regex Completed in 3333ms
228 timing reifyNode:node_modules/aggregate-error Completed in 3333ms
229 timing reifyNode:node_modules/accepts Completed in 3333ms
230 timing reifyNode:node_modules/@babel/highlight Completed in 3337ms
231 timing reifyNode:node_modules/@babel/helper-split-export-declaration Completed in 3334ms
232 timing reifyNode:node_modules/@babel/helper-simple-access Completed in 3335ms
233 timing reifyNode:node_modules/@babel/helper-hoist-variables Completed in 3335ms
234 timing reifyNode:node_modules/@babel/helper-get-function-arity Completed in 3335ms
235 timing reifyNode:node_modules/@babel/helper-function-name Completed in 3335ms
236 timing reifyNode:node_modules/@babel/helper-environment-visitor Completed in 3335ms
237 timing reifyNode:node_modules/yargs-unparser/node_modules/decamelize Completed in 3408ms
238 timing reifyNode:node_modules/yargs-unparser/node_modules/camelcase Completed in 3407ms
239 timing reifyNode:node_modules/@babel/code-frame Completed in 3356ms
240 timing reifyNode:node_modules/pkg-dir/node_modules/p-locate Completed in 3417ms
241 timing reifyNode:node_modules/pkg-dir/node_modules/p-limit Completed in 3417ms
242 timing reifyNode:node_modules/pkg-dir/node_modules/locate-path Completed in 3417ms
243 timing reifyNode:node_modules/pkg-dir/node_modules/find-up Completed in 3418ms
244 timing reifyNode:node_modules/nyc/node_modules/y18n Completed in 3409ms
245 timing reifyNode:node_modules/nyc/node_modules/p-locate Completed in 3409ms
246 timing reifyNode:node_modules/nyc/node_modules/p-limit Completed in 3409ms
247 timing reifyNode:node_modules/nyc/node_modules/locate-path Completed in 3408ms
248 timing reifyNode:node_modules/nyc/node_modules/find-up Completed in 3409ms
249 timing reifyNode:node_modules/istanbul-lib-report/node_modules/supports-color Completed in 3396ms
250 timing reifyNode:node_modules/http-errors/node_modules/inherits Completed in 3393ms
251 timing reifyNode:node_modules/chalk/node_modules/supports-color Completed in 3384ms
252 timing reifyNode:node_modules/@istanbuljs/load-nyc-config/node_modules/p-locate Completed in 3376ms
253 timing reifyNode:node_modules/@istanbuljs/load-nyc-config/node_modules/p-limit Completed in 3377ms
254 timing reifyNode:node_modules/@istanbuljs/load-nyc-config/node_modules/locate-path Completed in 3378ms
255 timing reifyNode:node_modules/@istanbuljs/load-nyc-config/node_modules/find-up Completed in 3379ms
256 timing reifyNode:node_modules/@babel/highlight/node_modules/supports-color Completed in 3378ms
257 timing reifyNode:node_modules/yargs-unparser Completed in 3453ms
258 timing reifyNode:node_modules/write-file-atomic Completed in 3453ms
259 timing reifyNode:node_modules/util-deprecate Completed in 3450ms
260 timing reifyNode:node_modules/proxy-addr Completed in 3567ms
261 timing reifyNode:node_modules/pathval Completed in 3565ms
262 timing reifyNode:node_modules/minimatch Completed in 3554ms
263 timing reifyNode:node_modules/log-symbols Completed in 3546ms
264 timing reifyNode:node_modules/js-tokens Completed in 3544ms
265 timing reifyNode:node_modules/http-errors Completed in 3541ms
266 timing reifyNode:node_modules/get-caller-file Completed in 3541ms
267 timing reifyNode:node_modules/fs.realpath Completed in 3540ms
268 timing reifyNode:node_modules/foreground-child Completed in 3540ms
269 timing reifyNode:node_modules/cookie Completed in 3537ms
270 timing reifyNode:node_modules/combined-stream Completed in 3537ms
271 timing reifyNode:node_modules/ansi-styles Completed in 3529ms
272 timing reifyNode:node_modules/@istanbuljs/load-nyc-config Completed in 3529ms
273 timing reifyNode:node_modules/which Completed in 3600ms
274 timing reifyNode:node_modules/supertest Completed in 3598ms
275 timing reifyNode:node_modules/string_decoder Completed in 3598ms
276 timing reifyNode:node_modules/setprototypeof Completed in 3598ms
277 timing reifyNode:node_modules/serve-static Completed in 3598ms
278 timing reifyNode:node_modules/safe-buffer Completed in 3656ms
279 timing reifyNode:node_modules/readdirp Completed in 3658ms
280 timing reifyNode:node_modules/picocolors Completed in 3655ms
281 timing reifyNode:node_modules/istanbul-lib-processinfo Completed in 3636ms
282 timing reifyNode:node_modules/hasha Completed in 3635ms
283 timing reifyNode:node_modules/globals Completed in 3635ms
284 timing reifyNode:node_modules/delayed-stream Completed in 3631ms
285 timing reifyNode:node_modules/content-disposition Completed in 3629ms
286 timing reifyNode:node_modules/check-error Completed in 3629ms
287 timing reifyNode:node_modules/binary-extensions Completed in 3622ms
288 timing reifyNode:node_modules/@istanbuljs/schema Completed in 3621ms
289 timing reifyNode:node_modules/@babel/helper-validator-option Completed in 3626ms
290 timing reifyNode:node_modules/nyc/node_modules/cliui Completed in 3671ms
291 timing reifyNode:node_modules/@babel/highlight/node_modules/color-name Completed in 3632ms
292 timing reifyNode:node_modules/typedarray-to-buffer Completed in 3701ms
293 timing reifyNode:node_modules/type-detect Completed in 3701ms
294 timing reifyNode:node_modules/send Completed in 3698ms
295 timing metavuln:cache:get:security-advisory:qs:QUB/NCH5lH2sYAC+y3bmhD9+TnZEotxL9hwDtNlZve4plS3/gGMfULOi+z7u61bLKLDOKYv8NKX/5g2o+FIrqA== Completed in 1379ms
296 timing metavuln:cache:get:security-advisory:express:cu8dGVlPLmNDZacdM1VJ4SmP099XPxd9D6dH6mtHRwoG5ztKsy9vaP/sCmcnnpTDmfplL0RuhHYr75iR4HwmcA== Completed in 1379ms
297 timing metavuln:cache:get:security-advisory:json5:M+bZoHknmePU/Hlj+/PWqw1Vyy/lwaCI45IYAf5Z3V/0JhTyv8jR6X3fYcGoxU4+6O2SCa1M6rlshWlAc+hN3A== Completed in 1375ms
298 timing metavuln:cache:get:security-advisory:minimatch:+9SGwmlcalAea11K2GVsvQfjWw965zBttp7hAKanb2xCp8W9Pig14zX2S2nTcC9KSa0UHmcdnjQhUZp3zlW5IQ== Completed in 1373ms
299 timing reifyNode:node_modules/rimraf Completed in 3749ms
300 timing reifyNode:node_modules/require-directory Completed in 3750ms
301 timing reifyNode:node_modules/randombytes Completed in 3748ms
302 timing reifyNode:node_modules/raw-body Completed in 3749ms
303 timing reifyNode:node_modules/isarray Completed in 3724ms
304 timing reifyNode:node_modules/commondir Completed in 3715ms
305 timing reifyNode:node_modules/statuses Completed in 3780ms
306 timing reifyNode:node_modules/istanbul-lib-hook Completed in 3786ms
307 timing reifyNode:node_modules/get-package-type Completed in 3799ms
308 timing reifyNode:node_modules/deep-eql Completed in 3795ms
309 timing reifyNode:node_modules/core-util-is Completed in 3794ms
310 timing reifyNode:node_modules/concat-map Completed in 3794ms
311 timing reifyNode:node_modules/color-convert Completed in 3794ms
312 timing reifyNode:node_modules/ansi-colors Completed in 3786ms
313 timing reifyNode:node_modules/@babel/helper-validator-identifier Completed in 3784ms
314 timing reifyNode:node_modules/mocha/node_modules/debug Completed in 3827ms
315 timing reifyNode:node_modules/istanbul-lib-source-maps/node_modules/debug Completed in 3816ms
316 timing reifyNode:node_modules/@babel/traverse/node_modules/debug Completed in 3791ms
317 timing reifyNode:node_modules/@babel/highlight/node_modules/color-convert Completed in 3790ms
318 timing reifyNode:node_modules/@babel/core/node_modules/debug Completed in 3786ms
319 timing reifyNode:node_modules/test-exclude Completed in 3854ms
320 timing reifyNode:node_modules/release-zalgo Completed in 3896ms
321 timing reifyNode:node_modules/isexe Completed in 3868ms
322 timing reifyNode:node_modules/graceful-fs Completed in 3865ms
323 timing reifyNode:node_modules/flat Completed in 3866ms
324 timing reifyNode:node_modules/extend Completed in 3865ms
325 timing reifyNode:node_modules/es6-error Completed in 3865ms
326 timing reifyNode:node_modules/safer-buffer Completed in 3907ms
327 timing reifyNode:node_modules/@ungap/promise-all-settled Completed in 3852ms
328 timing reifyNode:node_modules/@babel/helper-module-imports Completed in 3850ms
329 timing reifyNode:node_modules/@babel/highlight/node_modules/chalk Completed in 3856ms
330 timing reifyNode:node_modules/negotiator Completed in 3936ms
331 timing reifyNode:node_modules/ipaddr.js Completed in 3923ms
332 timing reifyNode:node_modules/glob Completed in 3921ms
333 timing reifyNode:node_modules/gensync Completed in 3921ms
334 timing reifyNode:node_modules/form-data Completed in 3921ms
335 timing reifyNode:node_modules/escalade Completed in 3918ms
336 timing reifyNode:node_modules/chalk Completed in 3914ms
337 timing reifyNode:node_modules/node-releases Completed in 3985ms
338 timing reifyNode:node_modules/jsesc Completed in 3973ms
339 timing reifyNode:node_modules/emoji-regex Completed in 3963ms
340 timing reifyNode:node_modules/cross-spawn Completed in 3962ms
341 timing reifyNode:node_modules/archy Completed in 3952ms
342 timing reifyNode:node_modules/@babel/helper-compilation-targets Completed in 3946ms
343 timing reifyNode:node_modules/node-preload Completed in 4024ms
344 timing reifyNode:node_modules/@babel/helper-module-transforms Completed in 3985ms
345 timing reifyNode:node_modules/nyc/node_modules/yargs-parser Completed in 4032ms
346 timing reifyNode:node_modules/make-dir/node_modules/semver Completed in 4020ms
347 timing reifyNode:node_modules/istanbul-lib-instrument/node_modules/semver Completed in 4018ms
348 timing reifyNode:node_modules/@babel/helper-compilation-targets/node_modules/semver Completed in 3988ms
349 timing reifyNode:node_modules/@babel/core/node_modules/semver Completed in 3988ms
350 timing reifyNode:node_modules/y18n Completed in 4059ms
351 http fetch GET 200 https://registry.npmjs.org/object-is/-/object-is-1.0.1.tgz 3329ms (cache miss)
352 timing reifyNode:node_modules/object-is Completed in 4045ms
353 timing reifyNode:node_modules/cliui Completed in 4028ms
354 timing reifyNode:node_modules/@jridgewell/sourcemap-codec Completed in 4018ms
355 timing reifyNode:node_modules/@jridgewell/resolve-uri Completed in 4019ms
356 timing reifyNode:node_modules/@babel/template Completed in 4017ms
357 http fetch GET 200 https://registry.npmjs.org/oauth-sign/-/oauth-sign-0.9.0.tgz 3370ms (cache miss)
358 timing reifyNode:node_modules/oauth-sign Completed in 4090ms
359 http fetch GET 200 https://registry.npmjs.org/isstream/-/isstream-0.1.2.tgz 3330ms (cache miss)
360 timing reifyNode:node_modules/mime Completed in 4100ms
361 timing reifyNode:node_modules/istanbul-lib-coverage Completed in 4089ms
362 timing reifyNode:node_modules/html-escaper Completed in 4087ms
363 http fetch GET 200 https://registry.npmjs.org/propagate/-/propagate-1.0.0.tgz 3414ms (cache miss)
364 timing reifyNode:node_modules/propagate Completed in 4134ms
365 timing reifyNode:node_modules/isstream Completed in 4110ms
366 http fetch GET 200 https://registry.npmjs.org/has/-/has-1.0.3.tgz 3301ms (cache miss)
367 timing reifyNode:node_modules/has Completed in 4108ms
368 http fetch GET 200 https://registry.npmjs.org/har-validator/-/har-validator-5.1.3.tgz 3300ms (cache miss)
369 timing reifyNode:node_modules/har-validator Completed in 4109ms
370 http fetch GET 200 https://registry.npmjs.org/forever-agent/-/forever-agent-0.6.1.tgz 3280ms (cache miss)
371 timing reifyNode:node_modules/forever-agent Completed in 4112ms
372 timing reifyNode:node_modules/istanbul-lib-source-maps Completed in 4135ms
373 timing reifyNode:node_modules/istanbul-lib-report Completed in 4134ms
374 timing reifyNode:node_modules/he Completed in 4130ms
375 timing reifyNode:node_modules/growl Completed in 4130ms
376 timing reifyNode:node_modules/debug Completed in 4125ms
377 timing reifyNode:node_modules/braces Completed in 4122ms
378 http fetch GET 200 https://registry.npmjs.org/tunnel-agent/-/tunnel-agent-0.6.0.tgz 3513ms (cache miss)
379 timing reifyNode:node_modules/tunnel-agent Completed in 4186ms
380 http fetch GET 200 https://registry.npmjs.org/object-keys/-/object-keys-1.1.1.tgz 3460ms (cache miss)
381 http fetch GET 200 https://registry.npmjs.org/mkdirp/-/mkdirp-0.5.5.tgz 3450ms (cache miss)
382 timing reifyNode:node_modules/mkdirp Completed in 4177ms
383 http fetch GET 200 https://registry.npmjs.org/function-bind/-/function-bind-1.1.1.tgz 3331ms (cache miss)
384 http fetch GET 200 https://registry.npmjs.org/is-regex/-/is-regex-1.0.4.tgz 3411ms (cache miss)
385 http fetch GET 200 https://registry.npmjs.org/inherits/-/inherits-2.0.4.tgz 3375ms (cache miss)
386 timing reifyNode:node_modules/inherits Completed in 4164ms
387 http fetch GET 200 https://registry.npmjs.org/define-properties/-/define-properties-1.1.3.tgz 3301ms (cache miss)
388 http fetch GET 200 https://registry.npmjs.org/fast-deep-equal/-/fast-deep-equal-3.1.1.tgz 3316ms (cache miss)
389 timing reifyNode:node_modules/istanbul-lib-instrument Completed in 4176ms
390 timing reifyNode:node_modules/browserslist Completed in 4163ms
391 timing reifyNode:node_modules/@jridgewell/trace-mapping Completed in 4154ms
392 http fetch GET 200 https://registry.npmjs.org/qs 1897ms (cache hit)
393 timing metavuln:packument:qs Completed in 1911ms
394 timing metavuln:load:security-advisory:qs:1085135 Completed in 10ms
395 timing metavuln:load:security-advisory:qs:1085137 Completed in 1ms
396 timing metavuln:calculate:security-advisory:qs:1085137 Completed in 1918ms
397 timing metavuln:load:security-advisory:qs:1085138 Completed in 23ms
398 http fetch GET 200 https://registry.npmjs.org/express 1937ms (cache hit)
399 timing metavuln:packument:express Completed in 1954ms
400 timing metavuln:load:security-advisory:express:1085141 Completed in 18ms
401 timing metavuln:calculate:security-advisory:express:1085141 Completed in 1972ms
402 http fetch GET 200 https://registry.npmjs.org/json5 1965ms (cache hit)
403 timing metavuln:packument:json5 Completed in 1967ms
404 timing metavuln:load:security-advisory:json5:1085271 Completed in 0ms
405 timing metavuln:calculate:security-advisory:json5:1085271 Completed in 1969ms
406 http fetch GET 200 https://registry.npmjs.org/minimatch 1967ms (cache hit)
407 timing metavuln:packument:minimatch Completed in 1969ms
408 timing metavuln:load:security-advisory:minimatch:1084765 Completed in 1ms
409 timing metavuln:calculate:security-advisory:minimatch:1084765 Completed in 1970ms
410 http fetch GET 200 https://registry.npmjs.org/jsprim/-/jsprim-1.4.2.tgz 3544ms (cache miss)
411 timing reifyNode:node_modules/jsprim Completed in 4274ms
412 http fetch GET 200 https://registry.npmjs.org/jsbn/-/jsbn-0.1.1.tgz 3534ms (cache miss)
413 timing reifyNode:node_modules/jsbn Completed in 4275ms
414 http fetch GET 200 https://registry.npmjs.org/getpass/-/getpass-0.1.7.tgz 3447ms (cache miss)
415 timing reifyNode:node_modules/getpass Completed in 4271ms
416 http fetch GET 200 https://registry.npmjs.org/commander/-/commander-2.20.3.tgz 3377ms (cache miss)
417 http fetch GET 200 https://registry.npmjs.org/caseless/-/caseless-0.12.0.tgz 3373ms (cache miss)
418 timing reifyNode:node_modules/caseless Completed in 4266ms
419 http fetch GET 200 https://registry.npmjs.org/aws4/-/aws4-1.9.1.tgz 3369ms (cache miss)
420 timing reifyNode:node_modules/aws4 Completed in 4263ms
421 timing reifyNode:node_modules/picomatch Completed in 4330ms
422 timing reifyNode:node_modules/mime-db Completed in 4319ms
423 timing reifyNode:node_modules/depd Completed in 4302ms
424 timing reifyNode:node_modules/chokidar Completed in 4299ms
425 timing reifyNode:node_modules/body-parser Completed in 4299ms
426 timing reifyNode:node_modules/argparse Completed in 4291ms
427 timing reifyNode:node_modules/yargs-parser Completed in 4361ms
428 timing reifyNode:node_modules/object-keys Completed in 4343ms
429 http fetch GET 200 https://registry.npmjs.org/punycode/-/punycode-2.1.1.tgz 3642ms (cache miss)
430 timing reifyNode:node_modules/punycode Completed in 4356ms
431 http fetch GET 200 https://registry.npmjs.org/json-stringify-safe/-/json-stringify-safe-5.0.1.tgz 3598ms (cache miss)
432 http fetch GET 200 https://registry.npmjs.org/is-date-object/-/is-date-object-1.0.1.tgz 3579ms (cache miss)
433 timing reifyNode:node_modules/commander Completed in 4332ms
434 http fetch GET 200 https://registry.npmjs.org/asn1/-/asn1-0.2.4.tgz 3422ms (cache miss)
435 timing reifyNode:node_modules/function-bind Completed in 4377ms
436 timing reifyNode:node_modules/is-regex Completed in 4383ms
437 http fetch GET 200 https://registry.npmjs.org/is-arguments/-/is-arguments-1.0.4.tgz 3597ms (cache miss)
438 timing reifyNode:node_modules/fast-deep-equal Completed in 4379ms
439 timing reifyNode:node_modules/@babel/compat-data Completed in 4405ms
440 http fetch GET 200 https://registry.npmjs.org/regexp.prototype.flags/-/regexp.prototype.flags-1.2.0.tgz 3772ms (cache miss)
441 http fetch GET 200 https://registry.npmjs.org/json-schema/-/json-schema-0.4.0.tgz 3719ms (cache miss)
442 timing reifyNode:node_modules/json-schema Completed in 4457ms
443 http fetch GET 200 https://registry.npmjs.org/http-signature/-/http-signature-1.2.0.tgz 3652ms (cache miss)
444 timing reifyNode:node_modules/is-arguments Completed in 4457ms
445 http fetch GET 200 https://registry.npmjs.org/extsprintf/-/extsprintf-1.3.0.tgz 3605ms (cache miss)
446 timing reifyNode:node_modules/extsprintf Completed in 4452ms
447 timing reifyNode:node_modules/define-properties Completed in 4450ms
448 http fetch GET 200 https://registry.npmjs.org/debug/-/debug-4.1.1.tgz 3517ms (cache miss)
449 timing reifyNode:node_modules/asynckit Completed in 4449ms
450 timing reifyNode:node_modules/json-stringify-safe Completed in 4486ms
451 timing reifyNode:node_modules/is-date-object Completed in 4487ms
452 timing reifyNode:node_modules/asn1 Completed in 4467ms
453 timing reifyNode:node_modules/@ampproject/remapping Completed in 4472ms
454 timing reifyNode:node_modules/send/node_modules/debug Completed in 4538ms
455 timing reifyNode:node_modules/finalhandler/node_modules/debug Completed in 4500ms
456 timing reifyNode:node_modules/express/node_modules/debug Completed in 4500ms
457 timing reifyNode:node_modules/body-parser/node_modules/debug Completed in 4490ms
458 timing reifyNode:node_modules/spawn-wrap Completed in 4552ms
459 timing reifyNode:node_modules/regexp.prototype.flags Completed in 4556ms
460 http fetch GET 200 https://registry.npmjs.org/aws-sign2/-/aws-sign2-0.7.0.tgz 3617ms (cache miss)
461 timing reifyNode:node_modules/aws-sign2 Completed in 4514ms
462 http fetch GET 200 https://registry.npmjs.org/assert-plus/-/assert-plus-1.0.0.tgz 3615ms (cache miss)
463 timing reifyNode:node_modules/assert-plus Completed in 4517ms
464 timing reifyNode:node_modules/sprintf-js Completed in 4585ms
465 timing reifyNode:node_modules/http-signature Completed in 4560ms
466 http fetch GET 200 https://registry.npmjs.org/deep-equal/-/deep-equal-1.1.0.tgz 3673ms (cache miss)
467 timing reifyNode:node_modules/nock/node_modules/debug Completed in 4585ms
468 timing reifyNode:node_modules/formidable Completed in 4573ms
469 timing reifyNode:node_modules/electron-to-chromium Completed in 4571ms
470 http fetch GET 200 https://registry.npmjs.org/performance-now/-/performance-now-2.1.0.tgz 3902ms (cache miss)
471 http fetch GET 200 https://registry.npmjs.org/json-schema-traverse/-/json-schema-traverse-0.4.1.tgz 3864ms (cache miss)
472 timing reifyNode:node_modules/json-schema-traverse Completed in 4601ms
473 timing reifyNode:node_modules/type-fest Completed in 4658ms
474 timing reifyNode:node_modules/deep-equal Completed in 4618ms
475 http fetch GET 200 https://registry.npmjs.org/har-schema/-/har-schema-2.0.0.tgz 3820ms (cache miss)
476 http fetch GET 200 https://registry.npmjs.org/form-data/-/form-data-2.3.3.tgz 3701ms (cache miss)
477 timing reifyNode:node_modules/minimist Completed in 4659ms
478 timing reifyNode:node_modules/@babel/helpers Completed in 4621ms
479 timing reifyNode:node_modules/performance-now Completed in 4681ms
480 timing reifyNode:node_modules/esprima Completed in 4651ms
481 http fetch GET 200 https://registry.npmjs.org/verror/-/verror-1.10.0.tgz 4082ms (cache miss)
482 timing reifyNode:node_modules/verror Completed in 4704ms
483 http fetch GET 200 https://registry.npmjs.org/fast-json-stable-stringify/-/fast-json-stable-stringify-2.1.0.tgz 3837ms (cache miss)
484 http fetch GET 200 https://registry.npmjs.org/dashdash/-/dashdash-1.14.1.tgz 3791ms (cache miss)
485 timing reifyNode:node_modules/dashdash Completed in 4676ms
486 timing reifyNode:node_modules/har-schema Completed in 4697ms
487 timing reifyNode:node_modules/request/node_modules/form-data Completed in 4734ms
488 http fetch GET 200 https://registry.npmjs.org/ecc-jsbn/-/ecc-jsbn-0.1.2.tgz 3840ms (cache miss)
489 timing reifyNode:node_modules/ecc-jsbn Completed in 4694ms
490 http fetch GET 200 https://registry.npmjs.org/semver/-/semver-5.7.1.tgz 4066ms (cache miss)
491 timing reifyNode:node_modules/semver Completed in 4745ms
492 http fetch GET 200 https://registry.npmjs.org/bcrypt-pbkdf/-/bcrypt-pbkdf-1.0.2.tgz 3806ms (cache miss)
493 timing reifyNode:node_modules/bcrypt-pbkdf Completed in 4697ms
494 timing metavuln:cache:put:security-advisory:qs:rWY8FV+j/NIeDGpuc35mOpnEAnjLz2h9Ou9SzojE+VEnkIJT1HjUSIlZruVRRoB4ovTTv5P7E8dPAg4Au60VPg== Completed in 528ms
495 timing metavuln:calculate:security-advisory:qs:1085135 Completed in 2451ms
496 timing metavuln:cache:put:security-advisory:qs:jcquT14EuTFKktnS+LT76nFxPX97+PWMSjz70aQokiFXC0yMpFBnbNNUiufz0qbh5LSjNAsxU7R+dANxaEYk7Q== Completed in 497ms
497 timing metavuln:calculate:security-advisory:qs:1085138 Completed in 2438ms
498 http fetch GET 200 https://registry.npmjs.org/uuid/-/uuid-3.3.3.tgz 4144ms (cache miss)
499 timing reifyNode:node_modules/fast-json-stable-stringify Completed in 4727ms
500 timing reifyNode:node_modules/nanoid Completed in 4750ms
501 timing metavuln:cache:get:security-advisory:request:rpiLrLLkYSXjpv51Rec/x/wOW+ugdSoR/nMRrSWhbzGm1pmA+Vat0vzh/im+q5dKymveCwymyhb9uDtZPYl4pw== Completed in 16ms
502 http fetch GET 200 https://registry.npmjs.org/wordwrap/-/wordwrap-1.0.0.tgz 4168ms (cache miss)
503 timing reifyNode:node_modules/wordwrap Completed in 4784ms
504 http fetch GET 200 https://registry.npmjs.org/tough-cookie/-/tough-cookie-2.5.0.tgz 4108ms (cache miss)
505 timing reifyNode:node_modules/tough-cookie Completed in 4783ms
506 timing reifyNode:node_modules/express/node_modules/qs Completed in 4748ms
507 timing reifyNode:node_modules/body-parser/node_modules/qs Completed in 4741ms
508 timing reifyNode:node_modules/uuid Completed in 4796ms
509 timing reifyNode:node_modules/express Completed in 4767ms
510 timing reifyNode:node_modules/nyc Completed in 4845ms
511 timing reifyNode:node_modules/@babel/generator Completed in 4801ms
512 http fetch GET 200 https://registry.npmjs.org/qs/-/qs-6.5.2.tgz 3914ms (cache miss)
513 timing reifyNode:node_modules/json5 Completed in 4886ms
514 timing reifyNode:node_modules/request/node_modules/qs Completed in 4924ms
515 timing reifyNode:node_modules/@istanbuljs/load-nyc-config/node_modules/argparse Completed in 4904ms
516 timing reifyNode:node_modules/iconv-lite Completed in 4944ms
517 timing reifyNode:node_modules/workerpool Completed in 5012ms
518 http fetch GET 200 https://registry.npmjs.org/qs/-/qs-6.8.0.tgz 4288ms (cache miss)
519 timing reifyNode:node_modules/qs Completed in 5007ms
520 http fetch GET 200 https://registry.npmjs.org/readable-stream/-/readable-stream-2.3.6.tgz 4320ms (cache miss)
521 timing reifyNode:node_modules/readable-stream Completed in 5033ms
522 http fetch GET 200 https://registry.npmjs.org/tweetnacl/-/tweetnacl-0.14.5.tgz 4452ms (cache miss)
523 timing reifyNode:node_modules/tweetnacl Completed in 5113ms
524 timing reifyNode:node_modules/superagent Completed in 5153ms
525 timing reifyNode:node_modules/@babel/traverse Completed in 5110ms
526 timing reifyNode:node_modules/js-yaml Completed in 5156ms
527 timing reifyNode:node_modules/diff Completed in 5144ms
528 timing reifyNode:node_modules/@babel/generator/node_modules/source-map Completed in 5150ms
529 timing reifyNode:node_modules/source-map Completed in 5229ms
530 http fetch GET 200 https://registry.npmjs.org/request/-/request-2.88.2.tgz 4522ms (cache miss)
531 timing reifyNode:node_modules/request Completed in 5231ms
532 timing reifyNode:node_modules/@istanbuljs/load-nyc-config/node_modules/js-yaml Completed in 5194ms
533 http fetch GET 200 https://registry.npmjs.org/psl/-/psl-1.8.0.tgz 4554ms (cache miss)
534 timing reifyNode:node_modules/psl Completed in 5271ms
535 timing reifyNode:node_modules/nyc/node_modules/yargs Completed in 5296ms
536 http fetch GET 200 https://registry.npmjs.org/request 557ms (cache miss)
537 timing metavuln:packument:request Completed in 561ms
538 timing metavuln:load:security-advisory:request:rWY8FV+j/NIeDGpuc35mOpnEAnjLz2h9Ou9SzojE+VEnkIJT1HjUSIlZruVRRoB4ovTTv5P7E8dPAg4Au60VPg== Completed in 30ms
539 timing reifyNode:node_modules/yargs Completed in 5385ms
540 http fetch GET 200 https://registry.npmjs.org/nock/-/nock-10.0.6.tgz 4654ms (cache miss)
541 timing reifyNode:node_modules/nock Completed in 5376ms
542 timing metavuln:cache:put:security-advisory:request:rpiLrLLkYSXjpv51Rec/x/wOW+ugdSoR/nMRrSWhbzGm1pmA+Vat0vzh/im+q5dKymveCwymyhb9uDtZPYl4pw== Completed in 119ms
543 timing metavuln:calculate:security-advisory:request:rWY8FV+j/NIeDGpuc35mOpnEAnjLz2h9Ou9SzojE+VEnkIJT1HjUSIlZruVRRoB4ovTTv5P7E8dPAg4Au60VPg== Completed in 710ms
544 http fetch GET 200 https://registry.npmjs.org/sshpk/-/sshpk-1.16.1.tgz 4802ms (cache miss)
545 timing reifyNode:node_modules/sshpk Completed in 5479ms
546 http fetch GET 200 https://registry.npmjs.org/express-handlebars/-/express-handlebars-6.0.2.tgz 4592ms (cache miss)
547 timing reifyNode:node_modules/express-handlebars Completed in 5446ms
548 timing reifyNode:node_modules/chai Completed in 5445ms
549 timing metavuln:cache:get:security-advisory:body-parser:Ugs1n3lcWznfcSPCe2K7HfiSAnOy+c01anVIAf031HRMoRQB9BefwY+s1PXLhyeB2KwlnrdJEXqBbRYs/dWGJg== Completed in 35ms
550 timing metavuln:cache:get:security-advisory:express:UiHxPA5lUdRoNnJgoHGKaKuLabJPH2latymmI+hS9a/l1Uf1mFgPj7Td/U+N34KYo+xC3ARhEYLJ7aWu43qe4Q== Completed in 34ms
551 timing metavuln:load:security-advisory:express:QUB/NCH5lH2sYAC+y3bmhD9+TnZEotxL9hwDtNlZve4plS3/gGMfULOi+z7u61bLKLDOKYv8NKX/5g2o+FIrqA== Completed in 2ms
552 timing metavuln:calculate:security-advisory:express:QUB/NCH5lH2sYAC+y3bmhD9+TnZEotxL9hwDtNlZve4plS3/gGMfULOi+z7u61bLKLDOKYv8NKX/5g2o+FIrqA== Completed in 36ms
553 timing reifyNode:node_modules/@babel/parser Completed in 5472ms
554 http fetch GET 200 https://registry.npmjs.org/body-parser 80ms (cache hit)
555 timing metavuln:packument:body-parser Completed in 83ms
556 timing metavuln:load:security-advisory:body-parser:QUB/NCH5lH2sYAC+y3bmhD9+TnZEotxL9hwDtNlZve4plS3/gGMfULOi+z7u61bLKLDOKYv8NKX/5g2o+FIrqA== Completed in 1ms
557 timing metavuln:calculate:security-advisory:body-parser:QUB/NCH5lH2sYAC+y3bmhD9+TnZEotxL9hwDtNlZve4plS3/gGMfULOi+z7u61bLKLDOKYv8NKX/5g2o+FIrqA== Completed in 84ms
558 timing metavuln:cache:get:security-advisory:nock:Y0gPMdWDDsQGkC0e7D9SUEXdShQHa1oyusux1oRJDQX++LejgRhcCws1HmL3RicO8EIWC4wzRvfkBWjvSS9zlg== Completed in 7ms
559 timing metavuln:cache:get:security-advisory:superagent:TA53G+8r5otq4XqdZDh1t5zGInS6r+G1PEreDKXFCTFw1pXLbvT8iBDgphn3aR0+OlPUMPC3ACwVF+G8Ud56RA== Completed in 6ms
560 timing reifyNode:node_modules/istanbul-reports Completed in 5548ms
561 timing reifyNode:node_modules/@babel/core Completed in 5518ms
562 http fetch GET 200 https://registry.npmjs.org/uglify-js/-/uglify-js-3.9.2.tgz 4972ms (cache miss)
563 timing reifyNode:node_modules/uglify-js Completed in 5604ms
564 http fetch GET 200 https://registry.npmjs.org/superagent 82ms (cache hit)
565 timing metavuln:packument:superagent Completed in 87ms
566 timing metavuln:load:security-advisory:superagent:jcquT14EuTFKktnS+LT76nFxPX97+PWMSjz70aQokiFXC0yMpFBnbNNUiufz0qbh5LSjNAsxU7R+dANxaEYk7Q== Completed in 58ms
567 http fetch GET 200 https://registry.npmjs.org/neo-async/-/neo-async-2.6.1.tgz 4985ms (cache miss)
568 timing reifyNode:node_modules/neo-async Completed in 5716ms
569 http fetch GET 200 https://registry.npmjs.org/uri-js/-/uri-js-4.2.2.tgz 5117ms (cache miss)
570 timing reifyNode:node_modules/uri-js Completed in 5746ms
571 timing metavuln:cache:put:security-advisory:superagent:TA53G+8r5otq4XqdZDh1t5zGInS6r+G1PEreDKXFCTFw1pXLbvT8iBDgphn3aR0+OlPUMPC3ACwVF+G8Ud56RA== Completed in 43ms
572 timing metavuln:calculate:security-advisory:superagent:jcquT14EuTFKktnS+LT76nFxPX97+PWMSjz70aQokiFXC0yMpFBnbNNUiufz0qbh5LSjNAsxU7R+dANxaEYk7Q== Completed in 188ms
573 http fetch GET 200 https://registry.npmjs.org/nock 249ms (cache miss)
574 timing metavuln:packument:nock Completed in 259ms
575 timing metavuln:load:security-advisory:nock:jcquT14EuTFKktnS+LT76nFxPX97+PWMSjz70aQokiFXC0yMpFBnbNNUiufz0qbh5LSjNAsxU7R+dANxaEYk7Q== Completed in 25ms
576 timing metavuln:cache:put:security-advisory:nock:Y0gPMdWDDsQGkC0e7D9SUEXdShQHa1oyusux1oRJDQX++LejgRhcCws1HmL3RicO8EIWC4wzRvfkBWjvSS9zlg== Completed in 44ms
577 timing metavuln:calculate:security-advisory:nock:jcquT14EuTFKktnS+LT76nFxPX97+PWMSjz70aQokiFXC0yMpFBnbNNUiufz0qbh5LSjNAsxU7R+dANxaEYk7Q== Completed in 331ms
578 timing metavuln:cache:get:security-advisory:@babel/core:jCny6bwsPIULDRiGWB/Smi0ENmrXq6cK1Ycz2aXqBvdfoLjGFXI6JatDwmV9r8yNfWWrj4w9QSn+ctsz/cPOUQ== Completed in 29ms
579 http fetch GET 200 https://registry.npmjs.org/ajv/-/ajv-6.12.6.tgz 4958ms (cache miss)
580 timing reifyNode:node_modules/ajv Completed in 5869ms
581 http fetch GET 200 https://registry.npmjs.org/@babel%2fcore 51ms (cache hit)
582 timing metavuln:packument:@babel/core Completed in 59ms
583 timing metavuln:load:security-advisory:@babel/core:M+bZoHknmePU/Hlj+/PWqw1Vyy/lwaCI45IYAf5Z3V/0JhTyv8jR6X3fYcGoxU4+6O2SCa1M6rlshWlAc+hN3A== Completed in 1ms
584 timing metavuln:calculate:security-advisory:@babel/core:M+bZoHknmePU/Hlj+/PWqw1Vyy/lwaCI45IYAf5Z3V/0JhTyv8jR6X3fYcGoxU4+6O2SCa1M6rlshWlAc+hN3A== Completed in 61ms
585 timing metavuln:cache:get:security-advisory:glob:8cK6ytb/RSxrSj+1aKddYNGqgjq+ZlC9b/wTQ/E6gbkVmwZ+1VaFxwvytvtwrxOFpOwciONFMcZmlIHBTqvLUw== Completed in 20ms
586 timing metavuln:cache:get:security-advisory:mocha:jK75FK8N2lB+gT1olRrEGbf/UZZ5e4rk4TBBx295HMYUimFDVn67Yor/pF6cQ75/SsrO1hd9sU1DUd9eJig2zQ== Completed in 18ms
587 timing metavuln:cache:get:security-advisory:test-exclude:YW/AHrOzAn0Cb/0OeXkc5Bl2iFhuTX5WtopC6JPoh8RQDZ6Eunn3zpLjmz4JcM60QT4lE8AkYHvVAISNLcjQIQ== Completed in 17ms
588 http fetch GET 200 https://registry.npmjs.org/glob 45ms (cache hit)
589 timing metavuln:packument:glob Completed in 48ms
590 timing metavuln:load:security-advisory:glob:+9SGwmlcalAea11K2GVsvQfjWw965zBttp7hAKanb2xCp8W9Pig14zX2S2nTcC9KSa0UHmcdnjQhUZp3zlW5IQ== Completed in 1ms
591 timing metavuln:calculate:security-advisory:glob:+9SGwmlcalAea11K2GVsvQfjWw965zBttp7hAKanb2xCp8W9Pig14zX2S2nTcC9KSa0UHmcdnjQhUZp3zlW5IQ== Completed in 49ms
592 http fetch GET 200 https://registry.npmjs.org/mocha 48ms (cache hit)
593 timing metavuln:packument:mocha Completed in 58ms
594 timing metavuln:load:security-advisory:mocha:+9SGwmlcalAea11K2GVsvQfjWw965zBttp7hAKanb2xCp8W9Pig14zX2S2nTcC9KSa0UHmcdnjQhUZp3zlW5IQ== Completed in 3ms
595 timing metavuln:calculate:security-advisory:mocha:+9SGwmlcalAea11K2GVsvQfjWw965zBttp7hAKanb2xCp8W9Pig14zX2S2nTcC9KSa0UHmcdnjQhUZp3zlW5IQ== Completed in 63ms
596 http fetch GET 200 https://registry.npmjs.org/test-exclude 61ms (cache hit)
597 timing metavuln:packument:test-exclude Completed in 63ms
598 timing metavuln:load:security-advisory:test-exclude:+9SGwmlcalAea11K2GVsvQfjWw965zBttp7hAKanb2xCp8W9Pig14zX2S2nTcC9KSa0UHmcdnjQhUZp3zlW5IQ== Completed in 1ms
599 timing metavuln:calculate:security-advisory:test-exclude:+9SGwmlcalAea11K2GVsvQfjWw965zBttp7hAKanb2xCp8W9Pig14zX2S2nTcC9KSa0UHmcdnjQhUZp3zlW5IQ== Completed in 64ms
600 timing reifyNode:node_modules/@babel/types Completed in 5983ms
601 timing metavuln:cache:get:security-advisory:express:fLE/nXr46sNxzh3BIvtoQow/pofnURaMqRF97N+AobYHte2w+f14hZAXZCi0Wudowekr+C+2BGjuMBqVvplxzA== Completed in 23ms
602 timing metavuln:load:security-advisory:express:Ugs1n3lcWznfcSPCe2K7HfiSAnOy+c01anVIAf031HRMoRQB9BefwY+s1PXLhyeB2KwlnrdJEXqBbRYs/dWGJg== Completed in 5ms
603 timing metavuln:calculate:security-advisory:express:Ugs1n3lcWznfcSPCe2K7HfiSAnOy+c01anVIAf031HRMoRQB9BefwY+s1PXLhyeB2KwlnrdJEXqBbRYs/dWGJg== Completed in 28ms
604 timing auditReport:init Completed in 3744ms
605 timing reify:audit Completed in 6085ms
606 timing reifyNode:node_modules/mocha Completed in 6230ms
607 http fetch GET 200 https://registry.npmjs.org/handlebars/-/handlebars-4.7.7.tgz 5554ms (cache miss)
608 timing reifyNode:node_modules/handlebars Completed in 6374ms
609 timing reifyNode:node_modules/caniuse-lite Completed in 6947ms
610 http fetch GET 200 https://registry.npmjs.org/lodash/-/lodash-4.17.21.tgz 6334ms (cache miss)
611 timing reifyNode:node_modules/lodash Completed in 7059ms
612 timing reify:unpack Completed in 7099ms
613 timing reify:unretire Completed in 0ms
614 timing build:queue Completed in 34ms
615 timing build:link:node_modules/@babel/parser Completed in 26ms
616 timing build:link:node_modules/@babel/core/node_modules/semver Completed in 14ms
617 timing build:link:node_modules/@babel/helper-compilation-targets/node_modules/semver Completed in 14ms
618 timing build:link:node_modules/@istanbuljs/load-nyc-config/node_modules/js-yaml Completed in 14ms
619 timing build:link:node_modules/istanbul-lib-instrument/node_modules/semver Completed in 14ms
620 timing build:link:node_modules/make-dir/node_modules/semver Completed in 13ms
621 timing build:link:node_modules/browserslist Completed in 25ms
622 timing build:link:node_modules/esprima Completed in 25ms
623 timing build:link:node_modules/flat Completed in 25ms
624 timing build:link:node_modules/handlebars Completed in 25ms
625 timing build:link:node_modules/he Completed in 25ms
626 timing build:link:node_modules/js-yaml Completed in 24ms
627 timing build:link:node_modules/jsesc Completed in 24ms
628 timing build:link:node_modules/json5 Completed in 23ms
629 timing build:link:node_modules/mime Completed in 23ms
630 timing build:link:node_modules/mkdirp Completed in 22ms
631 timing build:link:node_modules/mocha Completed in 19ms
632 timing build:link:node_modules/nanoid Completed in 19ms
633 timing build:link:node_modules/nyc Completed in 19ms
634 timing build:link:node_modules/rimraf Completed in 19ms
635 timing build:link:node_modules/semver Completed in 16ms
636 timing build:link:node_modules/sshpk Completed in 16ms
637 timing build:link:node_modules/uglify-js Completed in 16ms
638 timing build:link:node_modules/uuid Completed in 16ms
639 timing build:link:node_modules/which Completed in 16ms
640 timing build:link Completed in 30ms
641 timing build:deps Completed in 66ms
642 timing build Completed in 66ms
643 timing reify:build Completed in 68ms
644 timing reify:trash Completed in 1ms
645 timing reify:save Completed in 225ms
646 timing reify Completed in 8536ms
647 silly ADD node_modules/yocto-queue
648 silly ADD node_modules/yargs-unparser
649 silly ADD node_modules/yargs-unparser/node_modules/decamelize
650 silly ADD node_modules/yargs-unparser/node_modules/camelcase
651 silly ADD node_modules/yargs-parser
652 silly ADD node_modules/yargs
653 silly ADD node_modules/y18n
654 silly ADD node_modules/write-file-atomic
655 silly ADD node_modules/wrappy
656 silly ADD node_modules/wrap-ansi
657 silly ADD node_modules/workerpool
658 silly ADD node_modules/wordwrap
659 silly ADD node_modules/which-module
660 silly ADD node_modules/which
661 silly ADD node_modules/verror
662 silly ADD node_modules/vary
663 silly ADD node_modules/uuid
664 silly ADD node_modules/utils-merge
665 silly ADD node_modules/util-deprecate
666 silly ADD node_modules/uri-js
667 silly ADD node_modules/unpipe
668 silly ADD node_modules/uglify-js
669 silly ADD node_modules/typedarray-to-buffer
670 silly ADD node_modules/type-is
671 silly ADD node_modules/type-fest
672 silly ADD node_modules/type-detect
673 silly ADD node_modules/tweetnacl
674 silly ADD node_modules/tunnel-agent
675 silly ADD node_modules/tough-cookie
676 silly ADD node_modules/toidentifier
677 silly ADD node_modules/to-regex-range
678 silly ADD node_modules/to-fast-properties
679 silly ADD node_modules/test-exclude
680 silly ADD node_modules/supports-color
681 silly ADD node_modules/supertest
682 silly ADD node_modules/superagent
683 silly ADD node_modules/strip-json-comments
684 silly ADD node_modules/strip-bom
685 silly ADD node_modules/strip-ansi
686 silly ADD node_modules/string-width
687 silly ADD node_modules/string_decoder
688 silly ADD node_modules/statuses
689 silly ADD node_modules/sshpk
690 silly ADD node_modules/sprintf-js
691 silly ADD node_modules/spawn-wrap
692 silly ADD node_modules/source-map
693 silly ADD node_modules/signal-exit
694 silly ADD node_modules/shebang-regex
695 silly ADD node_modules/shebang-command
696 silly ADD node_modules/setprototypeof
697 silly ADD node_modules/set-blocking
698 silly ADD node_modules/serve-static
699 silly ADD node_modules/serialize-javascript
700 silly ADD node_modules/send
701 silly ADD node_modules/send/node_modules/debug
702 silly ADD node_modules/send/node_modules/debug/node_modules/ms
703 silly ADD node_modules/semver
704 silly ADD node_modules/safer-buffer
705 silly ADD node_modules/safe-buffer
706 silly ADD node_modules/rimraf
707 silly ADD node_modules/resolve-from
708 silly ADD node_modules/require-main-filename
709 silly ADD node_modules/require-directory
710 silly ADD node_modules/request
711 silly ADD node_modules/request/node_modules/qs
712 silly ADD node_modules/request/node_modules/form-data
713 silly ADD node_modules/release-zalgo
714 silly ADD node_modules/regexp.prototype.flags
715 silly ADD node_modules/readdirp
716 silly ADD node_modules/readable-stream
717 silly ADD node_modules/raw-body
718 silly ADD node_modules/range-parser
719 silly ADD node_modules/randombytes
720 silly ADD node_modules/qs
721 silly ADD node_modules/punycode
722 silly ADD node_modules/psl
723 silly ADD node_modules/proxy-addr
724 silly ADD node_modules/propagate
725 silly ADD node_modules/process-on-spawn
726 silly ADD node_modules/process-nextick-args
727 silly ADD node_modules/pkg-dir
728 silly ADD node_modules/pkg-dir/node_modules/p-locate
729 silly ADD node_modules/pkg-dir/node_modules/p-limit
730 silly ADD node_modules/pkg-dir/node_modules/locate-path
731 silly ADD node_modules/pkg-dir/node_modules/find-up
732 silly ADD node_modules/picomatch
733 silly ADD node_modules/picocolors
734 silly ADD node_modules/performance-now
735 silly ADD node_modules/pathval
736 silly ADD node_modules/path-to-regexp
737 silly ADD node_modules/path-key
738 silly ADD node_modules/path-is-absolute
739 silly ADD node_modules/path-exists
740 silly ADD node_modules/parseurl
741 silly ADD node_modules/package-hash
742 silly ADD node_modules/p-try
743 silly ADD node_modules/p-map
744 silly ADD node_modules/p-locate
745 silly ADD node_modules/p-limit
746 silly ADD node_modules/once
747 silly ADD node_modules/on-finished
748 silly ADD node_modules/object-keys
749 silly ADD node_modules/object-is
750 silly ADD node_modules/oauth-sign
751 silly ADD node_modules/nyc
752 silly ADD node_modules/nyc/node_modules/yargs-parser
753 silly ADD node_modules/nyc/node_modules/yargs
754 silly ADD node_modules/nyc/node_modules/y18n
755 silly ADD node_modules/nyc/node_modules/wrap-ansi
756 silly ADD node_modules/nyc/node_modules/p-locate
757 silly ADD node_modules/nyc/node_modules/p-limit
758 silly ADD node_modules/nyc/node_modules/locate-path
759 silly ADD node_modules/nyc/node_modules/find-up
760 silly ADD node_modules/nyc/node_modules/cliui
761 silly ADD node_modules/normalize-path
762 silly ADD node_modules/node-releases
763 silly ADD node_modules/node-preload
764 silly ADD node_modules/nock
765 silly ADD node_modules/nock/node_modules/debug
766 silly ADD node_modules/neo-async
767 silly ADD node_modules/negotiator
768 silly ADD node_modules/nanoid
769 silly ADD node_modules/ms
770 silly ADD node_modules/mocha
771 silly ADD node_modules/mocha/node_modules/ms
772 silly ADD node_modules/mocha/node_modules/debug
773 silly ADD node_modules/mocha/node_modules/debug/node_modules/ms
774 silly ADD node_modules/mkdirp
775 silly ADD node_modules/minimist
776 silly ADD node_modules/minimatch
777 silly ADD node_modules/mime-types
778 silly ADD node_modules/mime-db
779 silly ADD node_modules/mime
780 silly ADD node_modules/methods
781 silly ADD node_modules/merge-descriptors
782 silly ADD node_modules/media-typer
783 silly ADD node_modules/make-dir
784 silly ADD node_modules/make-dir/node_modules/semver
785 silly ADD node_modules/log-symbols
786 silly ADD node_modules/lodash.flattendeep
787 silly ADD node_modules/lodash
788 silly ADD node_modules/locate-path
789 silly ADD node_modules/jsprim
790 silly ADD node_modules/json5
791 silly ADD node_modules/json-stringify-safe
792 silly ADD node_modules/json-schema-traverse
793 silly ADD node_modules/json-schema
794 silly ADD node_modules/jsesc
795 silly ADD node_modules/jsbn
796 silly ADD node_modules/js-yaml
797 silly ADD node_modules/js-tokens
798 silly ADD node_modules/istanbul-reports
799 silly ADD node_modules/istanbul-lib-source-maps
800 silly ADD node_modules/istanbul-lib-source-maps/node_modules/ms
801 silly ADD node_modules/istanbul-lib-source-maps/node_modules/debug
802 silly ADD node_modules/istanbul-lib-report
803 silly ADD node_modules/istanbul-lib-report/node_modules/supports-color
804 silly ADD node_modules/istanbul-lib-processinfo
805 silly ADD node_modules/istanbul-lib-instrument
806 silly ADD node_modules/istanbul-lib-instrument/node_modules/semver
807 silly ADD node_modules/istanbul-lib-hook
808 silly ADD node_modules/istanbul-lib-coverage
809 silly ADD node_modules/isstream
810 silly ADD node_modules/isexe
811 silly ADD node_modules/isarray
812 silly ADD node_modules/is-windows
813 silly ADD node_modules/is-unicode-supported
814 silly ADD node_modules/is-typedarray
815 silly ADD node_modules/is-stream
816 silly ADD node_modules/is-regex
817 silly ADD node_modules/is-plain-obj
818 silly ADD node_modules/is-number
819 silly ADD node_modules/is-glob
820 silly ADD node_modules/is-fullwidth-code-point
821 silly ADD node_modules/is-extglob
822 silly ADD node_modules/is-date-object
823 silly ADD node_modules/is-binary-path
824 silly ADD node_modules/is-arguments
825 silly ADD node_modules/ipaddr.js
826 silly ADD node_modules/inherits
827 silly ADD node_modules/inflight
828 silly ADD node_modules/indent-string
829 silly ADD node_modules/imurmurhash
830 silly ADD node_modules/iconv-lite
831 silly ADD node_modules/http-signature
832 silly ADD node_modules/http-errors
833 silly ADD node_modules/http-errors/node_modules/inherits
834 silly ADD node_modules/html-escaper
835 silly ADD node_modules/he
836 silly ADD node_modules/hasha
837 silly ADD node_modules/has-flag
838 silly ADD node_modules/has
839 silly ADD node_modules/har-validator
840 silly ADD node_modules/har-schema
841 silly ADD node_modules/handlebars
842 silly ADD node_modules/growl
843 silly ADD node_modules/graceful-fs
844 silly ADD node_modules/globals
845 silly ADD node_modules/glob-parent
846 silly ADD node_modules/glob
847 silly ADD node_modules/getpass
848 silly ADD node_modules/get-package-type
849 silly ADD node_modules/get-func-name
850 silly ADD node_modules/get-caller-file
851 silly ADD node_modules/gensync
852 silly ADD node_modules/function-bind
853 silly ADD
854 silly ADD node_modules/fs.realpath
855 silly ADD node_modules/fromentries
856 silly ADD node_modules/fresh
857 silly ADD node_modules/forwarded
858 silly ADD node_modules/formidable
859 silly ADD node_modules/form-data
860 silly ADD node_modules/forever-agent
861 silly ADD node_modules/foreground-child
862 silly ADD node_modules/flat
863 silly ADD node_modules/find-up
864 silly ADD node_modules/find-cache-dir
865 silly ADD node_modules/finalhandler
866 silly ADD node_modules/finalhandler/node_modules/ms
867 silly ADD node_modules/finalhandler/node_modules/debug
868 silly ADD node_modules/fill-range
869 silly ADD node_modules/fast-json-stable-stringify
870 silly ADD node_modules/fast-deep-equal
871 silly ADD node_modules/extsprintf
872 silly ADD node_modules/extend
873 silly ADD node_modules/express-handlebars
874 silly ADD node_modules/express
875 silly ADD node_modules/express/node_modules/qs
876 silly ADD node_modules/express/node_modules/ms
877 silly ADD node_modules/express/node_modules/debug
878 silly ADD node_modules/etag
879 silly ADD node_modules/esprima
880 silly ADD node_modules/escape-string-regexp
881 silly ADD node_modules/escape-html
882 silly ADD node_modules/escalade
883 silly ADD node_modules/es6-error
884 silly ADD node_modules/encodeurl
885 silly ADD node_modules/emoji-regex
886 silly ADD node_modules/electron-to-chromium
887 silly ADD node_modules/ee-first
888 silly ADD node_modules/ecc-jsbn
889 silly ADD node_modules/diff
890 silly ADD node_modules/destroy
891 silly ADD node_modules/depd
892 silly ADD node_modules/delayed-stream
893 silly ADD node_modules/define-properties
894 silly ADD node_modules/default-require-extensions
895 silly ADD node_modules/deep-equal
896 silly ADD node_modules/deep-eql
897 silly ADD node_modules/decamelize
898 silly ADD node_modules/debug
899 silly ADD node_modules/dashdash
900 silly ADD node_modules/cross-spawn
901 silly ADD node_modules/core-util-is
902 silly ADD node_modules/cookiejar
903 silly ADD node_modules/cookie-signature
904 silly ADD node_modules/cookie
905 silly ADD node_modules/convert-source-map
906 silly ADD node_modules/content-type
907 silly ADD node_modules/content-disposition
908 silly ADD node_modules/concat-map
909 silly ADD node_modules/component-emitter
910 silly ADD node_modules/commondir
911 silly ADD node_modules/commander
912 silly ADD node_modules/combined-stream
913 silly ADD node_modules/color-name
914 silly ADD node_modules/color-convert
915 silly ADD node_modules/cliui
916 silly ADD node_modules/clean-stack
917 silly ADD node_modules/chokidar
918 silly ADD node_modules/check-error
919 silly ADD node_modules/chalk
920 silly ADD node_modules/chalk/node_modules/supports-color
921 silly ADD node_modules/chai
922 silly ADD node_modules/caseless
923 silly ADD node_modules/caniuse-lite
924 silly ADD node_modules/camelcase
925 silly ADD node_modules/caching-transform
926 silly ADD node_modules/bytes
927 silly ADD node_modules/browserslist
928 silly ADD node_modules/browser-stdout
929 silly ADD node_modules/braces
930 silly ADD node_modules/brace-expansion
931 silly ADD node_modules/body-parser
932 silly ADD node_modules/body-parser/node_modules/qs
933 silly ADD node_modules/body-parser/node_modules/ms
934 silly ADD node_modules/body-parser/node_modules/debug
935 silly ADD node_modules/binary-extensions
936 silly ADD node_modules/bcrypt-pbkdf
937 silly ADD node_modules/balanced-match
938 silly ADD node_modules/aws4
939 silly ADD node_modules/aws-sign2
940 silly ADD node_modules/asynckit
941 silly ADD node_modules/assertion-error
942 silly ADD node_modules/assert-plus
943 silly ADD node_modules/asn1
944 silly ADD node_modules/array-flatten
945 silly ADD node_modules/argparse
946 silly ADD node_modules/archy
947 silly ADD node_modules/append-transform
948 silly ADD node_modules/anymatch
949 silly ADD node_modules/ansi-styles
950 silly ADD node_modules/ansi-regex
951 silly ADD node_modules/ansi-colors
952 silly ADD node_modules/ajv
953 silly ADD node_modules/aggregate-error
954 silly ADD node_modules/accepts
955 silly ADD node_modules/@ungap/promise-all-settled
956 silly ADD node_modules/@jridgewell/trace-mapping
957 silly ADD node_modules/@jridgewell/sourcemap-codec
958 silly ADD node_modules/@jridgewell/resolve-uri
959 silly ADD node_modules/@istanbuljs/schema
960 silly ADD node_modules/@istanbuljs/load-nyc-config
961 silly ADD node_modules/@istanbuljs/load-nyc-config/node_modules/p-locate
962 silly ADD node_modules/@istanbuljs/load-nyc-config/node_modules/p-limit
963 silly ADD node_modules/@istanbuljs/load-nyc-config/node_modules/locate-path
964 silly ADD node_modules/@istanbuljs/load-nyc-config/node_modules/js-yaml
965 silly ADD node_modules/@istanbuljs/load-nyc-config/node_modules/find-up
966 silly ADD node_modules/@istanbuljs/load-nyc-config/node_modules/argparse
967 silly ADD node_modules/@babel/types
968 silly ADD node_modules/@babel/traverse
969 silly ADD node_modules/@babel/traverse/node_modules/ms
970 silly ADD node_modules/@babel/traverse/node_modules/debug
971 silly ADD node_modules/@babel/template
972 silly ADD node_modules/@babel/parser
973 silly ADD node_modules/@babel/highlight
974 silly ADD node_modules/@babel/highlight/node_modules/supports-color
975 silly ADD node_modules/@babel/highlight/node_modules/has-flag
976 silly ADD node_modules/@babel/highlight/node_modules/escape-string-regexp
977 silly ADD node_modules/@babel/highlight/node_modules/color-name
978 silly ADD node_modules/@babel/highlight/node_modules/color-convert
979 silly ADD node_modules/@babel/highlight/node_modules/chalk
980 silly ADD node_modules/@babel/highlight/node_modules/ansi-styles
981 silly ADD node_modules/@babel/helpers
982 silly ADD node_modules/@babel/helper-validator-option
983 silly ADD node_modules/@babel/helper-validator-identifier
984 silly ADD node_modules/@babel/helper-split-export-declaration
985 silly ADD node_modules/@babel/helper-simple-access
986 silly ADD node_modules/@babel/helper-module-transforms
987 silly ADD node_modules/@babel/helper-module-imports
988 silly ADD node_modules/@babel/helper-hoist-variables
989 silly ADD node_modules/@babel/helper-get-function-arity
990 silly ADD node_modules/@babel/helper-function-name
991 silly ADD node_modules/@babel/helper-environment-visitor
992 silly ADD node_modules/@babel/helper-compilation-targets
993 silly ADD node_modules/@babel/helper-compilation-targets/node_modules/semver
994 silly ADD node_modules/@babel/generator
995 silly ADD node_modules/@babel/generator/node_modules/source-map
996 silly ADD node_modules/@babel/core
997 silly ADD node_modules/@babel/core/node_modules/semver
998 silly ADD node_modules/@babel/core/node_modules/ms
999 silly ADD node_modules/@babel/core/node_modules/debug
1000 silly ADD node_modules/@babel/compat-data
1001 silly ADD node_modules/@babel/code-frame
1002 silly ADD node_modules/@ampproject/remapping
1003 timing command:install Completed in 8624ms
1004 verbose exit 0
1005 timing npm Completed in 8705ms
1006 info ok
